2023-10-17 00:00:54,249 [INFO] com.ironbit.invex.IronbitApplication [main] Starting IronbitApplication using Java 1.8.0_211 on Guillermos-MBP.domain.name with PID 15535 (/Users/loyo/Documents/development/ironbit/target/classes started by loyo in /Users/loyo/Documents/development/ironbit)
2023-10-17 00:00:54,263 [INFO] com.ironbit.invex.IronbitApplication [main] No active profile set, falling back to 1 default profile: "default"
2023-10-17 00:00:55,523 [INFO] org.springframework.data.repository.config.RepositoryConfigurationDelegate [main] Bootstrapping Spring Data JPA repositories in DEFAULT mode.
2023-10-17 00:00:55,594 [INFO] org.springframework.data.repository.config.RepositoryConfigurationDelegate [main] Finished Spring Data repository scanning in 58 ms. Found 1 JPA repository interfaces.
2023-10-17 00:00:56,240 [INFO] org.springframework.boot.web.embedded.tomcat.TomcatWebServer [main] Tomcat initialized with port(s): 8080 (http)
2023-10-17 00:00:56,251 [INFO] org.apache.catalina.core.StandardService [main] Starting service [Tomcat]
2023-10-17 00:00:56,251 [INFO] org.apache.catalina.core.StandardEngine [main] Starting Servlet engine: [Apache Tomcat/9.0.82]
2023-10-17 00:00:56,399 [INFO] org.apache.catalina.core.ContainerBase.[Tomcat].[localhost].[/] [main] Initializing Spring embedded WebApplicationContext
2023-10-17 00:00:56,399 [INFO] org.springframework.boot.web.servlet.context.ServletWebServerApplicationContext [main] Root WebApplicationContext: initialization completed in 1999 ms
2023-10-17 00:00:56,635 [INFO] org.hibernate.jpa.internal.util.LogHelper [main] HHH000204: Processing PersistenceUnitInfo [name: default]
2023-10-17 00:00:56,683 [INFO] org.hibernate.Version [main] HHH000412: Hibernate ORM core version 5.6.15.Final
2023-10-17 00:00:56,818 [INFO] org.hibernate.annotations.common.Version [main] HCANN000001: Hibernate Commons Annotations {5.1.2.Final}
2023-10-17 00:00:56,997 [INFO] com.zaxxer.hikari.HikariDataSource [main] HikariPool-1 - Starting...
2023-10-17 00:00:57,359 [INFO] com.zaxxer.hikari.HikariDataSource [main] HikariPool-1 - Start completed.
2023-10-17 00:00:57,375 [INFO] org.hibernate.dialect.Dialect [main] HHH000400: Using dialect: org.hibernate.dialect.MySQL8Dialect
2023-10-17 00:00:58,029 [INFO] org.hibernate.engine.transaction.jta.platform.internal.JtaPlatformInitiator [main] HHH000490: Using JtaPlatform implementation: [org.hibernate.engine.transaction.jta.platform.internal.NoJtaPlatform]
2023-10-17 00:00:58,043 [INFO] org.springframework.orm.jpa.LocalContainerEntityManagerFactoryBean [main] Initialized JPA EntityManagerFactory for persistence unit 'default'
2023-10-17 00:00:58,569 [WARN] org.springframework.boot.autoconfigure.orm.jpa.JpaBaseConfiguration$JpaWebConfiguration [main] spring.jpa.open-in-view is enabled by default. Therefore, database queries may be performed during view rendering. Explicitly configure spring.jpa.open-in-view to disable this warning
2023-10-17 00:00:59,038 [INFO] org.springframework.boot.web.embedded.tomcat.TomcatWebServer [main] Tomcat started on port(s): 8080 (http) with context path ''
2023-10-17 00:00:59,056 [INFO] com.ironbit.invex.IronbitApplication [main] Started IronbitApplication in 5.477 seconds (JVM running for 6.429)
2023-10-17 00:01:07,520 [INFO] org.apache.catalina.core.ContainerBase.[Tomcat].[localhost].[/] [http-nio-8080-exec-1] Initializing Spring DispatcherServlet 'dispatcherServlet'
2023-10-17 00:01:07,520 [INFO] org.springframework.web.servlet.DispatcherServlet [http-nio-8080-exec-1] Initializing Servlet 'dispatcherServlet'
2023-10-17 00:01:07,522 [INFO] org.springframework.web.servlet.DispatcherServlet [http-nio-8080-exec-1] Completed initialization in 2 ms
2023-10-17 00:02:23,628 [INFO] org.springframework.orm.jpa.LocalContainerEntityManagerFactoryBean [SpringApplicationShutdownHook] Closing JPA EntityManagerFactory for persistence unit 'default'
2023-10-17 00:02:23,631 [INFO] com.zaxxer.hikari.HikariDataSource [SpringApplicationShutdownHook] HikariPool-1 - Shutdown initiated...
2023-10-17 00:02:23,641 [INFO] com.zaxxer.hikari.HikariDataSource [SpringApplicationShutdownHook] HikariPool-1 - Shutdown completed.
2023-10-17 00:02:34,371 [INFO] com.ironbit.invex.IronbitApplication [main] Starting IronbitApplication using Java 1.8.0_211 on Guillermos-MBP.domain.name with PID 15570 (/Users/loyo/Documents/development/ironbit/target/classes started by loyo in /Users/loyo/Documents/development/ironbit)
2023-10-17 00:02:34,377 [DEBUG] com.ironbit.invex.IronbitApplication [main] Running with Spring Boot v2.7.17-SNAPSHOT, Spring v5.3.30
2023-10-17 00:02:34,378 [INFO] com.ironbit.invex.IronbitApplication [main] No active profile set, falling back to 1 default profile: "default"
2023-10-17 00:02:35,628 [INFO] org.springframework.data.repository.config.RepositoryConfigurationDelegate [main] Bootstrapping Spring Data JPA repositories in DEFAULT mode.
2023-10-17 00:02:35,703 [INFO] org.springframework.data.repository.config.RepositoryConfigurationDelegate [main] Finished Spring Data repository scanning in 62 ms. Found 1 JPA repository interfaces.
2023-10-17 00:02:36,340 [INFO] org.springframework.boot.web.embedded.tomcat.TomcatWebServer [main] Tomcat initialized with port(s): 8080 (http)
2023-10-17 00:02:36,349 [INFO] org.apache.catalina.core.StandardService [main] Starting service [Tomcat]
2023-10-17 00:02:36,349 [INFO] org.apache.catalina.core.StandardEngine [main] Starting Servlet engine: [Apache Tomcat/9.0.82]
2023-10-17 00:02:36,492 [INFO] org.apache.catalina.core.ContainerBase.[Tomcat].[localhost].[/] [main] Initializing Spring embedded WebApplicationContext
2023-10-17 00:02:36,493 [INFO] org.springframework.boot.web.servlet.context.ServletWebServerApplicationContext [main] Root WebApplicationContext: initialization completed in 1977 ms
2023-10-17 00:02:36,733 [INFO] org.hibernate.jpa.internal.util.LogHelper [main] HHH000204: Processing PersistenceUnitInfo [name: default]
2023-10-17 00:02:36,771 [INFO] org.hibernate.Version [main] HHH000412: Hibernate ORM core version 5.6.15.Final
2023-10-17 00:02:36,904 [INFO] org.hibernate.annotations.common.Version [main] HCANN000001: Hibernate Commons Annotations {5.1.2.Final}
2023-10-17 00:02:37,074 [INFO] com.zaxxer.hikari.HikariDataSource [main] HikariPool-1 - Starting...
2023-10-17 00:02:37,444 [INFO] com.zaxxer.hikari.HikariDataSource [main] HikariPool-1 - Start completed.
2023-10-17 00:02:37,459 [INFO] org.hibernate.dialect.Dialect [main] HHH000400: Using dialect: org.hibernate.dialect.MySQL8Dialect
2023-10-17 00:02:38,044 [INFO] org.hibernate.engine.transaction.jta.platform.internal.JtaPlatformInitiator [main] HHH000490: Using JtaPlatform implementation: [org.hibernate.engine.transaction.jta.platform.internal.NoJtaPlatform]
2023-10-17 00:02:38,055 [INFO] org.springframework.orm.jpa.LocalContainerEntityManagerFactoryBean [main] Initialized JPA EntityManagerFactory for persistence unit 'default'
2023-10-17 00:02:38,434 [WARN] org.springframework.boot.autoconfigure.orm.jpa.JpaBaseConfiguration$JpaWebConfiguration [main] spring.jpa.open-in-view is enabled by default. Therefore, database queries may be performed during view rendering. Explicitly configure spring.jpa.open-in-view to disable this warning
2023-10-17 00:02:38,837 [INFO] org.springframework.boot.web.embedded.tomcat.TomcatWebServer [main] Tomcat started on port(s): 8080 (http) with context path ''
2023-10-17 00:02:38,849 [INFO] com.ironbit.invex.IronbitApplication [main] Started IronbitApplication in 5.152 seconds (JVM running for 6.074)
2023-10-17 00:02:52,210 [INFO] org.apache.catalina.core.ContainerBase.[Tomcat].[localhost].[/] [http-nio-8080-exec-1] Initializing Spring DispatcherServlet 'dispatcherServlet'
2023-10-17 00:02:52,210 [INFO] org.springframework.web.servlet.DispatcherServlet [http-nio-8080-exec-1] Initializing Servlet 'dispatcherServlet'
2023-10-17 00:02:52,211 [INFO] org.springframework.web.servlet.DispatcherServlet [http-nio-8080-exec-1] Completed initialization in 1 ms
2023-10-17 00:02:52,251 [TRACE] com.ironbit.invex.controllers.EmpleadoController [http-nio-8080-exec-1] Call get all empleado service
2023-10-17 00:03:11,443 [TRACE] com.ironbit.invex.controllers.EmpleadoController [http-nio-8080-exec-3] Call get all empleado service
2023-10-17 00:04:11,075 [INFO] org.springframework.orm.jpa.LocalContainerEntityManagerFactoryBean [SpringApplicationShutdownHook] Closing JPA EntityManagerFactory for persistence unit 'default'
2023-10-17 00:04:11,078 [INFO] com.zaxxer.hikari.HikariDataSource [SpringApplicationShutdownHook] HikariPool-1 - Shutdown initiated...
2023-10-17 00:04:11,087 [INFO] com.zaxxer.hikari.HikariDataSource [SpringApplicationShutdownHook] HikariPool-1 - Shutdown completed.
2023-10-17 00:04:16,320 [INFO] com.ironbit.invex.IronbitApplication [main] Starting IronbitApplication using Java 1.8.0_211 on Guillermos-MBP.domain.name with PID 15590 (/Users/loyo/Documents/development/ironbit/target/classes started by loyo in /Users/loyo/Documents/development/ironbit)
2023-10-17 00:04:16,329 [DEBUG] com.ironbit.invex.IronbitApplication [main] Running with Spring Boot v2.7.17-SNAPSHOT, Spring v5.3.30
2023-10-17 00:04:16,331 [INFO] com.ironbit.invex.IronbitApplication [main] No active profile set, falling back to 1 default profile: "default"
2023-10-17 00:04:17,617 [INFO] org.springframework.data.repository.config.RepositoryConfigurationDelegate [main] Bootstrapping Spring Data JPA repositories in DEFAULT mode.
2023-10-17 00:04:17,681 [INFO] org.springframework.data.repository.config.RepositoryConfigurationDelegate [main] Finished Spring Data repository scanning in 54 ms. Found 1 JPA repository interfaces.
2023-10-17 00:04:18,290 [INFO] org.springframework.boot.web.embedded.tomcat.TomcatWebServer [main] Tomcat initialized with port(s): 8080 (http)
2023-10-17 00:04:18,299 [INFO] org.apache.catalina.core.StandardService [main] Starting service [Tomcat]
2023-10-17 00:04:18,300 [INFO] org.apache.catalina.core.StandardEngine [main] Starting Servlet engine: [Apache Tomcat/9.0.82]
2023-10-17 00:04:18,446 [INFO] org.apache.catalina.core.ContainerBase.[Tomcat].[localhost].[/] [main] Initializing Spring embedded WebApplicationContext
2023-10-17 00:04:18,446 [INFO] org.springframework.boot.web.servlet.context.ServletWebServerApplicationContext [main] Root WebApplicationContext: initialization completed in 1935 ms
2023-10-17 00:04:18,696 [INFO] org.hibernate.jpa.internal.util.LogHelper [main] HHH000204: Processing PersistenceUnitInfo [name: default]
2023-10-17 00:04:18,737 [INFO] org.hibernate.Version [main] HHH000412: Hibernate ORM core version 5.6.15.Final
2023-10-17 00:04:18,884 [INFO] org.hibernate.annotations.common.Version [main] HCANN000001: Hibernate Commons Annotations {5.1.2.Final}
2023-10-17 00:04:19,059 [INFO] com.zaxxer.hikari.HikariDataSource [main] HikariPool-1 - Starting...
2023-10-17 00:04:19,427 [INFO] com.zaxxer.hikari.HikariDataSource [main] HikariPool-1 - Start completed.
2023-10-17 00:04:19,442 [INFO] org.hibernate.dialect.Dialect [main] HHH000400: Using dialect: org.hibernate.dialect.MySQL8Dialect
2023-10-17 00:04:20,055 [INFO] org.hibernate.engine.transaction.jta.platform.internal.JtaPlatformInitiator [main] HHH000490: Using JtaPlatform implementation: [org.hibernate.engine.transaction.jta.platform.internal.NoJtaPlatform]
2023-10-17 00:04:20,066 [INFO] org.springframework.orm.jpa.LocalContainerEntityManagerFactoryBean [main] Initialized JPA EntityManagerFactory for persistence unit 'default'
2023-10-17 00:04:20,450 [WARN] org.springframework.boot.autoconfigure.orm.jpa.JpaBaseConfiguration$JpaWebConfiguration [main] spring.jpa.open-in-view is enabled by default. Therefore, database queries may be performed during view rendering. Explicitly configure spring.jpa.open-in-view to disable this warning
2023-10-17 00:04:20,916 [INFO] org.springframework.boot.web.embedded.tomcat.TomcatWebServer [main] Tomcat started on port(s): 8080 (http) with context path ''
2023-10-17 00:04:20,930 [INFO] com.ironbit.invex.IronbitApplication [main] Started IronbitApplication in 5.424 seconds (JVM running for 6.36)
2023-10-17 00:05:31,924 [INFO] org.springframework.orm.jpa.LocalContainerEntityManagerFactoryBean [SpringApplicationShutdownHook] Closing JPA EntityManagerFactory for persistence unit 'default'
2023-10-17 00:05:31,927 [INFO] com.zaxxer.hikari.HikariDataSource [SpringApplicationShutdownHook] HikariPool-1 - Shutdown initiated...
2023-10-17 00:05:31,938 [INFO] com.zaxxer.hikari.HikariDataSource [SpringApplicationShutdownHook] HikariPool-1 - Shutdown completed.
2023-10-17 00:05:36,866 [INFO] com.ironbit.invex.IronbitApplication [main] Starting IronbitApplication using Java 1.8.0_211 on Guillermos-MBP.domain.name with PID 15602 (/Users/loyo/Documents/development/ironbit/target/classes started by loyo in /Users/loyo/Documents/development/ironbit)
2023-10-17 00:05:36,869 [DEBUG] com.ironbit.invex.IronbitApplication [main] Running with Spring Boot v2.7.17-SNAPSHOT, Spring v5.3.30
2023-10-17 00:05:36,871 [INFO] com.ironbit.invex.IronbitApplication [main] No active profile set, falling back to 1 default profile: "default"
2023-10-17 00:05:37,982 [INFO] org.springframework.data.repository.config.RepositoryConfigurationDelegate [main] Bootstrapping Spring Data JPA repositories in DEFAULT mode.
2023-10-17 00:05:38,074 [INFO] org.springframework.data.repository.config.RepositoryConfigurationDelegate [main] Finished Spring Data repository scanning in 80 ms. Found 1 JPA repository interfaces.
2023-10-17 00:05:38,709 [INFO] org.springframework.boot.web.embedded.tomcat.TomcatWebServer [main] Tomcat initialized with port(s): 8080 (http)
2023-10-17 00:05:38,717 [INFO] org.apache.catalina.core.StandardService [main] Starting service [Tomcat]
2023-10-17 00:05:38,717 [INFO] org.apache.catalina.core.StandardEngine [main] Starting Servlet engine: [Apache Tomcat/9.0.82]
2023-10-17 00:05:38,860 [INFO] org.apache.catalina.core.ContainerBase.[Tomcat].[localhost].[/] [main] Initializing Spring embedded WebApplicationContext
2023-10-17 00:05:38,860 [INFO] org.springframework.boot.web.servlet.context.ServletWebServerApplicationContext [main] Root WebApplicationContext: initialization completed in 1902 ms
2023-10-17 00:05:38,916 [DEBUG] org.springframework.web.filter.CommonsRequestLoggingFilter [main] Filter 'requestLoggingFilter' configured for use
2023-10-17 00:05:39,091 [INFO] org.hibernate.jpa.internal.util.LogHelper [main] HHH000204: Processing PersistenceUnitInfo [name: default]
2023-10-17 00:05:39,137 [INFO] org.hibernate.Version [main] HHH000412: Hibernate ORM core version 5.6.15.Final
2023-10-17 00:05:39,275 [INFO] org.hibernate.annotations.common.Version [main] HCANN000001: Hibernate Commons Annotations {5.1.2.Final}
2023-10-17 00:05:39,443 [INFO] com.zaxxer.hikari.HikariDataSource [main] HikariPool-1 - Starting...
2023-10-17 00:05:39,823 [INFO] com.zaxxer.hikari.HikariDataSource [main] HikariPool-1 - Start completed.
2023-10-17 00:05:39,837 [INFO] org.hibernate.dialect.Dialect [main] HHH000400: Using dialect: org.hibernate.dialect.MySQL8Dialect
2023-10-17 00:05:40,457 [INFO] org.hibernate.engine.transaction.jta.platform.internal.JtaPlatformInitiator [main] HHH000490: Using JtaPlatform implementation: [org.hibernate.engine.transaction.jta.platform.internal.NoJtaPlatform]
2023-10-17 00:05:40,468 [INFO] org.springframework.orm.jpa.LocalContainerEntityManagerFactoryBean [main] Initialized JPA EntityManagerFactory for persistence unit 'default'
2023-10-17 00:05:40,840 [WARN] org.springframework.boot.autoconfigure.orm.jpa.JpaBaseConfiguration$JpaWebConfiguration [main] spring.jpa.open-in-view is enabled by default. Therefore, database queries may be performed during view rendering. Explicitly configure spring.jpa.open-in-view to disable this warning
2023-10-17 00:05:40,997 [DEBUG] org.springframework.web.servlet.mvc.method.annotation.RequestMappingHandlerAdapter [main] ControllerAdvice beans: 0 @ModelAttribute, 0 @InitBinder, 1 RequestBodyAdvice, 1 ResponseBodyAdvice
2023-10-17 00:05:41,094 [DEBUG] org.springframework.web.servlet.mvc.method.annotation.RequestMappingHandlerMapping [main] 6 mappings in 'requestMappingHandlerMapping'
2023-10-17 00:05:41,121 [DEBUG] org.springframework.web.servlet.handler.SimpleUrlHandlerMapping [main] Patterns [/webjars/**, /**] in 'resourceHandlerMapping'
2023-10-17 00:05:41,136 [DEBUG] org.springframework.web.servlet.mvc.method.annotation.ExceptionHandlerExceptionResolver [main] ControllerAdvice beans: 1 @ExceptionHandler, 1 ResponseBodyAdvice
2023-10-17 00:05:41,277 [INFO] org.springframework.boot.web.embedded.tomcat.TomcatWebServer [main] Tomcat started on port(s): 8080 (http) with context path ''
2023-10-17 00:05:41,290 [INFO] com.ironbit.invex.IronbitApplication [main] Started IronbitApplication in 5.085 seconds (JVM running for 6.012)
2023-10-17 00:05:50,268 [INFO] org.apache.catalina.core.ContainerBase.[Tomcat].[localhost].[/] [http-nio-8080-exec-2] Initializing Spring DispatcherServlet 'dispatcherServlet'
2023-10-17 00:05:50,268 [INFO] org.springframework.web.servlet.DispatcherServlet [http-nio-8080-exec-2] Initializing Servlet 'dispatcherServlet'
2023-10-17 00:05:50,268 [DEBUG] org.springframework.web.servlet.DispatcherServlet [http-nio-8080-exec-2] Detected StandardServletMultipartResolver
2023-10-17 00:05:50,269 [DEBUG] org.springframework.web.servlet.DispatcherServlet [http-nio-8080-exec-2] Detected AcceptHeaderLocaleResolver
2023-10-17 00:05:50,269 [DEBUG] org.springframework.web.servlet.DispatcherServlet [http-nio-8080-exec-2] Detected FixedThemeResolver
2023-10-17 00:05:50,270 [DEBUG] org.springframework.web.servlet.DispatcherServlet [http-nio-8080-exec-2] Detected org.springframework.web.servlet.view.DefaultRequestToViewNameTranslator@1f949ab9
2023-10-17 00:05:50,271 [DEBUG] org.springframework.web.servlet.DispatcherServlet [http-nio-8080-exec-2] Detected org.springframework.web.servlet.support.SessionFlashMapManager@3ffd4b12
2023-10-17 00:05:50,271 [DEBUG] org.springframework.web.servlet.DispatcherServlet [http-nio-8080-exec-2] enableLoggingRequestDetails='false': request parameters and headers will be masked to prevent unsafe logging of potentially sensitive data
2023-10-17 00:05:50,271 [INFO] org.springframework.web.servlet.DispatcherServlet [http-nio-8080-exec-2] Completed initialization in 3 ms
2023-10-17 00:05:50,287 [DEBUG] org.springframework.web.filter.CommonsRequestLoggingFilter [http-nio-8080-exec-2] Before request [GET /api/v1/empleado, headers=[user-agent:"PostmanRuntime/7.33.0", accept:"*/*", cache-control:"no-cache", postman-token:"e29b3d2f-06ad-4311-8f88-9df38d23a30b", host:"localhost:8080", accept-encoding:"gzip, deflate, br", connection:"keep-alive"]]
2023-10-17 00:05:50,294 [DEBUG] org.springframework.web.servlet.DispatcherServlet [http-nio-8080-exec-2] GET "/api/v1/empleado", parameters={}
2023-10-17 00:05:50,305 [DEBUG] org.springframework.web.servlet.mvc.method.annotation.RequestMappingHandlerMapping [http-nio-8080-exec-2] Mapped to com.ironbit.invex.controllers.EmpleadoController#getAll()
2023-10-17 00:05:50,323 [TRACE] com.ironbit.invex.controllers.EmpleadoController [http-nio-8080-exec-2] Call get all empleado service
2023-10-17 00:05:50,553 [DEBUG] org.springframework.web.servlet.mvc.method.annotation.HttpEntityMethodProcessor [http-nio-8080-exec-2] Using 'application/json', given [*/*] and supported [application/json]
2023-10-17 00:05:50,569 [DEBUG] org.springframework.web.servlet.mvc.method.annotation.HttpEntityMethodProcessor [http-nio-8080-exec-2] Writing [[Empleado(id=3, primerNombre=Guillermo, segundoNombre=David, apPaterno=Loyo, apMaterno=Gomez, edad=3 (truncated)...]
2023-10-17 00:05:50,656 [DEBUG] org.springframework.web.servlet.DispatcherServlet [http-nio-8080-exec-2] Completed 200 OK
2023-10-17 00:05:50,658 [DEBUG] org.springframework.web.filter.CommonsRequestLoggingFilter [http-nio-8080-exec-2] After request [GET /api/v1/empleado, headers=[user-agent:"PostmanRuntime/7.33.0", accept:"*/*", cache-control:"no-cache", postman-token:"e29b3d2f-06ad-4311-8f88-9df38d23a30b", host:"localhost:8080", accept-encoding:"gzip, deflate, br", connection:"keep-alive"]]
2023-10-17 00:06:27,357 [INFO] org.springframework.orm.jpa.LocalContainerEntityManagerFactoryBean [SpringApplicationShutdownHook] Closing JPA EntityManagerFactory for persistence unit 'default'
2023-10-17 00:06:27,360 [INFO] com.zaxxer.hikari.HikariDataSource [SpringApplicationShutdownHook] HikariPool-1 - Shutdown initiated...
2023-10-17 00:06:27,369 [INFO] com.zaxxer.hikari.HikariDataSource [SpringApplicationShutdownHook] HikariPool-1 - Shutdown completed.
2023-10-17 00:06:32,387 [INFO] com.ironbit.invex.IronbitApplication [main] Starting IronbitApplication using Java 1.8.0_211 on Guillermos-MBP.domain.name with PID 15614 (/Users/loyo/Documents/development/ironbit/target/classes started by loyo in /Users/loyo/Documents/development/ironbit)
2023-10-17 00:06:32,393 [DEBUG] com.ironbit.invex.IronbitApplication [main] Running with Spring Boot v2.7.17-SNAPSHOT, Spring v5.3.30
2023-10-17 00:06:32,395 [INFO] com.ironbit.invex.IronbitApplication [main] No active profile set, falling back to 1 default profile: "default"
2023-10-17 00:06:33,638 [INFO] org.springframework.data.repository.config.RepositoryConfigurationDelegate [main] Bootstrapping Spring Data JPA repositories in DEFAULT mode.
2023-10-17 00:06:33,706 [INFO] org.springframework.data.repository.config.RepositoryConfigurationDelegate [main] Finished Spring Data repository scanning in 56 ms. Found 1 JPA repository interfaces.
2023-10-17 00:06:34,277 [INFO] org.springframework.boot.web.embedded.tomcat.TomcatWebServer [main] Tomcat initialized with port(s): 8080 (http)
2023-10-17 00:06:34,288 [INFO] org.apache.catalina.core.StandardService [main] Starting service [Tomcat]
2023-10-17 00:06:34,289 [INFO] org.apache.catalina.core.StandardEngine [main] Starting Servlet engine: [Apache Tomcat/9.0.82]
2023-10-17 00:06:34,444 [INFO] org.apache.catalina.core.ContainerBase.[Tomcat].[localhost].[/] [main] Initializing Spring embedded WebApplicationContext
2023-10-17 00:06:34,445 [INFO] org.springframework.boot.web.servlet.context.ServletWebServerApplicationContext [main] Root WebApplicationContext: initialization completed in 1878 ms
2023-10-17 00:06:34,527 [DEBUG] org.springframework.web.filter.CommonsRequestLoggingFilter [main] Filter 'requestLoggingFilter' configured for use
2023-10-17 00:06:34,698 [INFO] org.hibernate.jpa.internal.util.LogHelper [main] HHH000204: Processing PersistenceUnitInfo [name: default]
2023-10-17 00:06:34,752 [INFO] org.hibernate.Version [main] HHH000412: Hibernate ORM core version 5.6.15.Final
2023-10-17 00:06:34,888 [INFO] org.hibernate.annotations.common.Version [main] HCANN000001: Hibernate Commons Annotations {5.1.2.Final}
2023-10-17 00:06:35,052 [INFO] com.zaxxer.hikari.HikariDataSource [main] HikariPool-1 - Starting...
2023-10-17 00:06:35,416 [INFO] com.zaxxer.hikari.HikariDataSource [main] HikariPool-1 - Start completed.
2023-10-17 00:06:35,430 [INFO] org.hibernate.dialect.Dialect [main] HHH000400: Using dialect: org.hibernate.dialect.MySQL8Dialect
2023-10-17 00:06:36,079 [INFO] org.hibernate.engine.transaction.jta.platform.internal.JtaPlatformInitiator [main] HHH000490: Using JtaPlatform implementation: [org.hibernate.engine.transaction.jta.platform.internal.NoJtaPlatform]
2023-10-17 00:06:36,090 [INFO] org.springframework.orm.jpa.LocalContainerEntityManagerFactoryBean [main] Initialized JPA EntityManagerFactory for persistence unit 'default'
2023-10-17 00:06:36,520 [WARN] org.springframework.boot.autoconfigure.orm.jpa.JpaBaseConfiguration$JpaWebConfiguration [main] spring.jpa.open-in-view is enabled by default. Therefore, database queries may be performed during view rendering. Explicitly configure spring.jpa.open-in-view to disable this warning
2023-10-17 00:06:36,989 [INFO] org.springframework.boot.web.embedded.tomcat.TomcatWebServer [main] Tomcat started on port(s): 8080 (http) with context path ''
2023-10-17 00:06:37,002 [INFO] com.ironbit.invex.IronbitApplication [main] Started IronbitApplication in 5.332 seconds (JVM running for 6.225)
2023-10-17 00:06:42,128 [INFO] org.apache.catalina.core.ContainerBase.[Tomcat].[localhost].[/] [http-nio-8080-exec-2] Initializing Spring DispatcherServlet 'dispatcherServlet'
2023-10-17 00:06:42,129 [INFO] org.springframework.web.servlet.DispatcherServlet [http-nio-8080-exec-2] Initializing Servlet 'dispatcherServlet'
2023-10-17 00:06:42,133 [INFO] org.springframework.web.servlet.DispatcherServlet [http-nio-8080-exec-2] Completed initialization in 3 ms
2023-10-17 00:06:42,185 [DEBUG] org.springframework.web.filter.CommonsRequestLoggingFilter [http-nio-8080-exec-2] Before request [GET /api/v1/empleado, headers=[user-agent:"PostmanRuntime/7.33.0", accept:"*/*", cache-control:"no-cache", postman-token:"81299e29-6577-4e0a-a87b-cd21c31852ca", host:"localhost:8080", accept-encoding:"gzip, deflate, br", connection:"keep-alive"]]
2023-10-17 00:06:42,274 [TRACE] com.ironbit.invex.controllers.EmpleadoController [http-nio-8080-exec-2] Call get all empleado service
2023-10-17 00:06:42,633 [DEBUG] org.springframework.web.filter.CommonsRequestLoggingFilter [http-nio-8080-exec-2] After request [GET /api/v1/empleado, headers=[user-agent:"PostmanRuntime/7.33.0", accept:"*/*", cache-control:"no-cache", postman-token:"81299e29-6577-4e0a-a87b-cd21c31852ca", host:"localhost:8080", accept-encoding:"gzip, deflate, br", connection:"keep-alive"]]
2023-10-17 00:16:02,258 [INFO] org.springframework.orm.jpa.LocalContainerEntityManagerFactoryBean [SpringApplicationShutdownHook] Closing JPA EntityManagerFactory for persistence unit 'default'
2023-10-17 00:16:02,264 [INFO] com.zaxxer.hikari.HikariDataSource [SpringApplicationShutdownHook] HikariPool-1 - Shutdown initiated...
2023-10-17 00:16:02,274 [INFO] com.zaxxer.hikari.HikariDataSource [SpringApplicationShutdownHook] HikariPool-1 - Shutdown completed.
2023-10-17 01:20:49,067 [INFO] com.ironbit.invex.IronbitApplication [main] Starting IronbitApplication using Java 1.8.0_211 on Guillermos-MBP.domain.name with PID 16255 (/Users/loyo/Documents/development/ironbit/target/classes started by loyo in /Users/loyo/Documents/development/ironbit)
2023-10-17 01:20:49,079 [DEBUG] com.ironbit.invex.IronbitApplication [main] Running with Spring Boot v2.7.17-SNAPSHOT, Spring v5.3.30
2023-10-17 01:20:49,081 [INFO] com.ironbit.invex.IronbitApplication [main] No active profile set, falling back to 1 default profile: "default"
2023-10-17 01:20:50,379 [INFO] org.springframework.data.repository.config.RepositoryConfigurationDelegate [main] Bootstrapping Spring Data JPA repositories in DEFAULT mode.
2023-10-17 01:20:50,471 [INFO] org.springframework.data.repository.config.RepositoryConfigurationDelegate [main] Finished Spring Data repository scanning in 76 ms. Found 1 JPA repository interfaces.
2023-10-17 01:20:51,191 [INFO] org.springframework.boot.web.embedded.tomcat.TomcatWebServer [main] Tomcat initialized with port(s): 8080 (http)
2023-10-17 01:20:51,203 [INFO] org.apache.catalina.core.StandardService [main] Starting service [Tomcat]
2023-10-17 01:20:51,203 [INFO] org.apache.catalina.core.StandardEngine [main] Starting Servlet engine: [Apache Tomcat/9.0.82]
2023-10-17 01:20:51,364 [INFO] org.apache.catalina.core.ContainerBase.[Tomcat].[localhost].[/] [main] Initializing Spring embedded WebApplicationContext
2023-10-17 01:20:51,365 [INFO] org.springframework.boot.web.servlet.context.ServletWebServerApplicationContext [main] Root WebApplicationContext: initialization completed in 2170 ms
2023-10-17 01:20:51,438 [DEBUG] org.springframework.web.filter.CommonsRequestLoggingFilter [main] Filter 'requestLoggingFilter' configured for use
2023-10-17 01:20:51,635 [INFO] org.hibernate.jpa.internal.util.LogHelper [main] HHH000204: Processing PersistenceUnitInfo [name: default]
2023-10-17 01:20:51,707 [INFO] org.hibernate.Version [main] HHH000412: Hibernate ORM core version 5.6.15.Final
2023-10-17 01:20:51,907 [INFO] org.hibernate.annotations.common.Version [main] HCANN000001: Hibernate Commons Annotations {5.1.2.Final}
2023-10-17 01:20:52,114 [INFO] com.zaxxer.hikari.HikariDataSource [main] HikariPool-1 - Starting...
2023-10-17 01:20:52,548 [INFO] com.zaxxer.hikari.HikariDataSource [main] HikariPool-1 - Start completed.
2023-10-17 01:20:52,567 [INFO] org.hibernate.dialect.Dialect [main] HHH000400: Using dialect: org.hibernate.dialect.MySQL8Dialect
2023-10-17 01:20:53,323 [INFO] org.hibernate.engine.transaction.jta.platform.internal.JtaPlatformInitiator [main] HHH000490: Using JtaPlatform implementation: [org.hibernate.engine.transaction.jta.platform.internal.NoJtaPlatform]
2023-10-17 01:20:53,337 [INFO] org.springframework.orm.jpa.LocalContainerEntityManagerFactoryBean [main] Initialized JPA EntityManagerFactory for persistence unit 'default'
2023-10-17 01:20:53,737 [WARN] org.springframework.boot.autoconfigure.orm.jpa.JpaBaseConfiguration$JpaWebConfiguration [main] spring.jpa.open-in-view is enabled by default. Therefore, database queries may be performed during view rendering. Explicitly configure spring.jpa.open-in-view to disable this warning
2023-10-17 01:20:54,253 [INFO] org.springframework.boot.web.embedded.tomcat.TomcatWebServer [main] Tomcat started on port(s): 8080 (http) with context path ''
2023-10-17 01:20:54,268 [INFO] com.ironbit.invex.IronbitApplication [main] Started IronbitApplication in 5.919 seconds (JVM running for 7.167)
2023-10-17 01:21:34,720 [INFO] org.apache.catalina.core.ContainerBase.[Tomcat].[localhost].[/] [http-nio-8080-exec-1] Initializing Spring DispatcherServlet 'dispatcherServlet'
2023-10-17 01:21:34,721 [INFO] org.springframework.web.servlet.DispatcherServlet [http-nio-8080-exec-1] Initializing Servlet 'dispatcherServlet'
2023-10-17 01:21:34,725 [INFO] org.springframework.web.servlet.DispatcherServlet [http-nio-8080-exec-1] Completed initialization in 4 ms
2023-10-17 01:21:34,760 [DEBUG] org.springframework.web.filter.CommonsRequestLoggingFilter [http-nio-8080-exec-1] Before request [GET /swagger-ui/index.html, headers=[host:"localhost:8080", connection:"keep-alive", sec-ch-ua:""Google Chrome";v="117", "Not;A=Brand";v="8", "Chromium";v="117"", sec-ch-ua-mobile:"?0", sec-ch-ua-platform:""macOS"", upgrade-insecure-requests:"1", user-agent:"Mozilla/5.0 (Macintosh; Intel Mac OS X 10_15_7) AppleWebKit/537.36 (KHTML, like Gecko) Chrome/117.0.0.0 Safari/537.36", accept:"text/html,application/xhtml+xml,application/xml;q=0.9,image/avif,image/webp,image/apng,*/*;q=0.8,application/signed-exchange;v=b3;q=0.7", sec-fetch-site:"none", sec-fetch-mode:"navigate", sec-fetch-user:"?1", sec-fetch-dest:"document", accept-encoding:"gzip, deflate, br", accept-language:"en-US,en;q=0.9"]]
2023-10-17 01:21:34,791 [DEBUG] org.springframework.web.filter.CommonsRequestLoggingFilter [http-nio-8080-exec-1] After request [GET /swagger-ui/index.html, headers=[host:"localhost:8080", connection:"keep-alive", sec-ch-ua:""Google Chrome";v="117", "Not;A=Brand";v="8", "Chromium";v="117"", sec-ch-ua-mobile:"?0", sec-ch-ua-platform:""macOS"", upgrade-insecure-requests:"1", user-agent:"Mozilla/5.0 (Macintosh; Intel Mac OS X 10_15_7) AppleWebKit/537.36 (KHTML, like Gecko) Chrome/117.0.0.0 Safari/537.36", accept:"text/html,application/xhtml+xml,application/xml;q=0.9,image/avif,image/webp,image/apng,*/*;q=0.8,application/signed-exchange;v=b3;q=0.7", sec-fetch-site:"none", sec-fetch-mode:"navigate", sec-fetch-user:"?1", sec-fetch-dest:"document", accept-encoding:"gzip, deflate, br", accept-language:"en-US,en;q=0.9"]]
2023-10-17 01:21:35,032 [DEBUG] org.springframework.web.filter.CommonsRequestLoggingFilter [http-nio-8080-exec-2] Before request [GET /favicon.ico, headers=[host:"localhost:8080", connection:"keep-alive", sec-ch-ua:""Google Chrome";v="117", "Not;A=Brand";v="8", "Chromium";v="117"", sec-ch-ua-mobile:"?0", user-agent:"Mozilla/5.0 (Macintosh; Intel Mac OS X 10_15_7) AppleWebKit/537.36 (KHTML, like Gecko) Chrome/117.0.0.0 Safari/537.36", sec-ch-ua-platform:""macOS"", accept:"image/avif,image/webp,image/apng,image/svg+xml,image/*,*/*;q=0.8", sec-fetch-site:"same-origin", sec-fetch-mode:"no-cors", sec-fetch-dest:"image", referer:"http://localhost:8080/swagger-ui/index.html", accept-encoding:"gzip, deflate, br", accept-language:"en-US,en;q=0.9"]]
2023-10-17 01:21:35,035 [DEBUG] org.springframework.web.filter.CommonsRequestLoggingFilter [http-nio-8080-exec-2] After request [GET /favicon.ico, headers=[host:"localhost:8080", connection:"keep-alive", sec-ch-ua:""Google Chrome";v="117", "Not;A=Brand";v="8", "Chromium";v="117"", sec-ch-ua-mobile:"?0", user-agent:"Mozilla/5.0 (Macintosh; Intel Mac OS X 10_15_7) AppleWebKit/537.36 (KHTML, like Gecko) Chrome/117.0.0.0 Safari/537.36", sec-ch-ua-platform:""macOS"", accept:"image/avif,image/webp,image/apng,image/svg+xml,image/*,*/*;q=0.8", sec-fetch-site:"same-origin", sec-fetch-mode:"no-cors", sec-fetch-dest:"image", referer:"http://localhost:8080/swagger-ui/index.html", accept-encoding:"gzip, deflate, br", accept-language:"en-US,en;q=0.9"]]
2023-10-17 01:23:23,303 [INFO] org.springframework.orm.jpa.LocalContainerEntityManagerFactoryBean [SpringApplicationShutdownHook] Closing JPA EntityManagerFactory for persistence unit 'default'
2023-10-17 01:23:23,307 [INFO] com.zaxxer.hikari.HikariDataSource [SpringApplicationShutdownHook] HikariPool-1 - Shutdown initiated...
2023-10-17 01:23:23,317 [INFO] com.zaxxer.hikari.HikariDataSource [SpringApplicationShutdownHook] HikariPool-1 - Shutdown completed.
2023-10-17 01:23:31,382 [INFO] com.ironbit.invex.IronbitApplication [main] Starting IronbitApplication using Java 1.8.0_211 on Guillermos-MBP.domain.name with PID 16285 (/Users/loyo/Documents/development/ironbit/target/classes started by loyo in /Users/loyo/Documents/development/ironbit)
2023-10-17 01:23:31,398 [DEBUG] com.ironbit.invex.IronbitApplication [main] Running with Spring Boot v2.7.17-SNAPSHOT, Spring v5.3.30
2023-10-17 01:23:31,407 [INFO] com.ironbit.invex.IronbitApplication [main] No active profile set, falling back to 1 default profile: "default"
2023-10-17 01:23:33,802 [INFO] org.springframework.data.repository.config.RepositoryConfigurationDelegate [main] Bootstrapping Spring Data JPA repositories in DEFAULT mode.
2023-10-17 01:23:33,918 [INFO] org.springframework.data.repository.config.RepositoryConfigurationDelegate [main] Finished Spring Data repository scanning in 86 ms. Found 1 JPA repository interfaces.
2023-10-17 01:23:34,651 [INFO] org.springframework.boot.web.embedded.tomcat.TomcatWebServer [main] Tomcat initialized with port(s): 8080 (http)
2023-10-17 01:23:34,660 [INFO] org.apache.catalina.core.StandardService [main] Starting service [Tomcat]
2023-10-17 01:23:34,661 [INFO] org.apache.catalina.core.StandardEngine [main] Starting Servlet engine: [Apache Tomcat/9.0.82]
2023-10-17 01:23:34,816 [INFO] org.apache.catalina.core.ContainerBase.[Tomcat].[localhost].[/] [main] Initializing Spring embedded WebApplicationContext
2023-10-17 01:23:34,817 [INFO] org.springframework.boot.web.servlet.context.ServletWebServerApplicationContext [main] Root WebApplicationContext: initialization completed in 3137 ms
2023-10-17 01:23:34,911 [DEBUG] org.springframework.web.filter.CommonsRequestLoggingFilter [main] Filter 'requestLoggingFilter' configured for use
2023-10-17 01:23:35,100 [INFO] org.hibernate.jpa.internal.util.LogHelper [main] HHH000204: Processing PersistenceUnitInfo [name: default]
2023-10-17 01:23:35,148 [INFO] org.hibernate.Version [main] HHH000412: Hibernate ORM core version 5.6.15.Final
2023-10-17 01:23:35,280 [INFO] org.hibernate.annotations.common.Version [main] HCANN000001: Hibernate Commons Annotations {5.1.2.Final}
2023-10-17 01:23:35,466 [INFO] com.zaxxer.hikari.HikariDataSource [main] HikariPool-1 - Starting...
2023-10-17 01:23:35,883 [INFO] com.zaxxer.hikari.HikariDataSource [main] HikariPool-1 - Start completed.
2023-10-17 01:23:35,898 [INFO] org.hibernate.dialect.Dialect [main] HHH000400: Using dialect: org.hibernate.dialect.MySQL8Dialect
2023-10-17 01:23:36,647 [INFO] org.hibernate.engine.transaction.jta.platform.internal.JtaPlatformInitiator [main] HHH000490: Using JtaPlatform implementation: [org.hibernate.engine.transaction.jta.platform.internal.NoJtaPlatform]
2023-10-17 01:23:36,659 [INFO] org.springframework.orm.jpa.LocalContainerEntityManagerFactoryBean [main] Initialized JPA EntityManagerFactory for persistence unit 'default'
2023-10-17 01:23:37,080 [WARN] org.springframework.boot.autoconfigure.orm.jpa.JpaBaseConfiguration$JpaWebConfiguration [main] spring.jpa.open-in-view is enabled by default. Therefore, database queries may be performed during view rendering. Explicitly configure spring.jpa.open-in-view to disable this warning
2023-10-17 01:23:37,543 [INFO] org.springframework.boot.web.embedded.tomcat.TomcatWebServer [main] Tomcat started on port(s): 8080 (http) with context path ''
2023-10-17 01:23:37,556 [INFO] com.ironbit.invex.IronbitApplication [main] Started IronbitApplication in 8.028 seconds (JVM running for 10.041)
2023-10-17 01:24:00,892 [INFO] org.apache.catalina.core.ContainerBase.[Tomcat].[localhost].[/] [http-nio-8080-exec-1] Initializing Spring DispatcherServlet 'dispatcherServlet'
2023-10-17 01:24:00,893 [INFO] org.springframework.web.servlet.DispatcherServlet [http-nio-8080-exec-1] Initializing Servlet 'dispatcherServlet'
2023-10-17 01:24:00,895 [INFO] org.springframework.web.servlet.DispatcherServlet [http-nio-8080-exec-1] Completed initialization in 2 ms
2023-10-17 01:24:00,913 [DEBUG] org.springframework.web.filter.CommonsRequestLoggingFilter [http-nio-8080-exec-1] Before request [GET /swagger-ui/index.html, headers=[host:"localhost:8080", connection:"keep-alive", cache-control:"max-age=0", sec-ch-ua:""Google Chrome";v="117", "Not;A=Brand";v="8", "Chromium";v="117"", sec-ch-ua-mobile:"?0", sec-ch-ua-platform:""macOS"", upgrade-insecure-requests:"1", user-agent:"Mozilla/5.0 (Macintosh; Intel Mac OS X 10_15_7) AppleWebKit/537.36 (KHTML, like Gecko) Chrome/117.0.0.0 Safari/537.36", accept:"text/html,application/xhtml+xml,application/xml;q=0.9,image/avif,image/webp,image/apng,*/*;q=0.8,application/signed-exchange;v=b3;q=0.7", sec-fetch-site:"none", sec-fetch-mode:"navigate", sec-fetch-user:"?1", sec-fetch-dest:"document", accept-encoding:"gzip, deflate, br", accept-language:"en-US,en;q=0.9"]]
2023-10-17 01:24:00,942 [DEBUG] org.springframework.web.filter.CommonsRequestLoggingFilter [http-nio-8080-exec-1] After request [GET /swagger-ui/index.html, headers=[host:"localhost:8080", connection:"keep-alive", cache-control:"max-age=0", sec-ch-ua:""Google Chrome";v="117", "Not;A=Brand";v="8", "Chromium";v="117"", sec-ch-ua-mobile:"?0", sec-ch-ua-platform:""macOS"", upgrade-insecure-requests:"1", user-agent:"Mozilla/5.0 (Macintosh; Intel Mac OS X 10_15_7) AppleWebKit/537.36 (KHTML, like Gecko) Chrome/117.0.0.0 Safari/537.36", accept:"text/html,application/xhtml+xml,application/xml;q=0.9,image/avif,image/webp,image/apng,*/*;q=0.8,application/signed-exchange;v=b3;q=0.7", sec-fetch-site:"none", sec-fetch-mode:"navigate", sec-fetch-user:"?1", sec-fetch-dest:"document", accept-encoding:"gzip, deflate, br", accept-language:"en-US,en;q=0.9"]]
2023-10-17 01:24:51,970 [DEBUG] org.springframework.web.filter.CommonsRequestLoggingFilter [http-nio-8080-exec-2] Before request [GET /swagger-ui/index.html, headers=[host:"localhost:8080", connection:"keep-alive", cache-control:"max-age=0", sec-ch-ua:""Google Chrome";v="117", "Not;A=Brand";v="8", "Chromium";v="117"", sec-ch-ua-mobile:"?0", sec-ch-ua-platform:""macOS"", upgrade-insecure-requests:"1", user-agent:"Mozilla/5.0 (Macintosh; Intel Mac OS X 10_15_7) AppleWebKit/537.36 (KHTML, like Gecko) Chrome/117.0.0.0 Safari/537.36", accept:"text/html,application/xhtml+xml,application/xml;q=0.9,image/avif,image/webp,image/apng,*/*;q=0.8,application/signed-exchange;v=b3;q=0.7", sec-fetch-site:"none", sec-fetch-mode:"navigate", sec-fetch-user:"?1", sec-fetch-dest:"document", accept-encoding:"gzip, deflate, br", accept-language:"en-US,en;q=0.9"]]
2023-10-17 01:24:51,975 [DEBUG] org.springframework.web.filter.CommonsRequestLoggingFilter [http-nio-8080-exec-2] After request [GET /swagger-ui/index.html, headers=[host:"localhost:8080", connection:"keep-alive", cache-control:"max-age=0", sec-ch-ua:""Google Chrome";v="117", "Not;A=Brand";v="8", "Chromium";v="117"", sec-ch-ua-mobile:"?0", sec-ch-ua-platform:""macOS"", upgrade-insecure-requests:"1", user-agent:"Mozilla/5.0 (Macintosh; Intel Mac OS X 10_15_7) AppleWebKit/537.36 (KHTML, like Gecko) Chrome/117.0.0.0 Safari/537.36", accept:"text/html,application/xhtml+xml,application/xml;q=0.9,image/avif,image/webp,image/apng,*/*;q=0.8,application/signed-exchange;v=b3;q=0.7", sec-fetch-site:"none", sec-fetch-mode:"navigate", sec-fetch-user:"?1", sec-fetch-dest:"document", accept-encoding:"gzip, deflate, br", accept-language:"en-US,en;q=0.9"]]
2023-10-17 01:25:03,715 [DEBUG] org.springframework.web.filter.CommonsRequestLoggingFilter [http-nio-8080-exec-4] Before request [GET /api/v1/swagger-ui/index.html, headers=[host:"localhost:8080", connection:"keep-alive", sec-ch-ua:""Google Chrome";v="117", "Not;A=Brand";v="8", "Chromium";v="117"", sec-ch-ua-mobile:"?0", sec-ch-ua-platform:""macOS"", upgrade-insecure-requests:"1", user-agent:"Mozilla/5.0 (Macintosh; Intel Mac OS X 10_15_7) AppleWebKit/537.36 (KHTML, like Gecko) Chrome/117.0.0.0 Safari/537.36", accept:"text/html,application/xhtml+xml,application/xml;q=0.9,image/avif,image/webp,image/apng,*/*;q=0.8,application/signed-exchange;v=b3;q=0.7", sec-fetch-site:"none", sec-fetch-mode:"navigate", sec-fetch-user:"?1", sec-fetch-dest:"document", accept-encoding:"gzip, deflate, br", accept-language:"en-US,en;q=0.9"]]
2023-10-17 01:25:03,718 [DEBUG] org.springframework.web.filter.CommonsRequestLoggingFilter [http-nio-8080-exec-4] After request [GET /api/v1/swagger-ui/index.html, headers=[host:"localhost:8080", connection:"keep-alive", sec-ch-ua:""Google Chrome";v="117", "Not;A=Brand";v="8", "Chromium";v="117"", sec-ch-ua-mobile:"?0", sec-ch-ua-platform:""macOS"", upgrade-insecure-requests:"1", user-agent:"Mozilla/5.0 (Macintosh; Intel Mac OS X 10_15_7) AppleWebKit/537.36 (KHTML, like Gecko) Chrome/117.0.0.0 Safari/537.36", accept:"text/html,application/xhtml+xml,application/xml;q=0.9,image/avif,image/webp,image/apng,*/*;q=0.8,application/signed-exchange;v=b3;q=0.7", sec-fetch-site:"none", sec-fetch-mode:"navigate", sec-fetch-user:"?1", sec-fetch-dest:"document", accept-encoding:"gzip, deflate, br", accept-language:"en-US,en;q=0.9"]]
2023-10-17 01:37:27,495 [INFO] org.springframework.orm.jpa.LocalContainerEntityManagerFactoryBean [SpringApplicationShutdownHook] Closing JPA EntityManagerFactory for persistence unit 'default'
2023-10-17 01:37:27,500 [INFO] com.zaxxer.hikari.HikariDataSource [SpringApplicationShutdownHook] HikariPool-1 - Shutdown initiated...
2023-10-17 01:37:27,511 [INFO] com.zaxxer.hikari.HikariDataSource [SpringApplicationShutdownHook] HikariPool-1 - Shutdown completed.
2023-10-17 01:37:38,469 [INFO] com.ironbit.invex.IronbitApplication [main] Starting IronbitApplication using Java 1.8.0_211 on Guillermos-MBP.domain.name with PID 16396 (/Users/loyo/Documents/development/ironbit/target/classes started by loyo in /Users/loyo/Documents/development/ironbit)
2023-10-17 01:37:38,473 [DEBUG] com.ironbit.invex.IronbitApplication [main] Running with Spring Boot v2.7.17-SNAPSHOT, Spring v5.3.30
2023-10-17 01:37:38,474 [INFO] com.ironbit.invex.IronbitApplication [main] No active profile set, falling back to 1 default profile: "default"
2023-10-17 01:37:39,695 [INFO] org.springframework.data.repository.config.RepositoryConfigurationDelegate [main] Bootstrapping Spring Data JPA repositories in DEFAULT mode.
2023-10-17 01:37:39,767 [INFO] org.springframework.data.repository.config.RepositoryConfigurationDelegate [main] Finished Spring Data repository scanning in 59 ms. Found 1 JPA repository interfaces.
2023-10-17 01:37:40,385 [INFO] org.springframework.boot.web.embedded.tomcat.TomcatWebServer [main] Tomcat initialized with port(s): 8080 (http)
2023-10-17 01:37:40,394 [INFO] org.apache.catalina.core.StandardService [main] Starting service [Tomcat]
2023-10-17 01:37:40,395 [INFO] org.apache.catalina.core.StandardEngine [main] Starting Servlet engine: [Apache Tomcat/9.0.82]
2023-10-17 01:37:40,559 [INFO] org.apache.catalina.core.ContainerBase.[Tomcat].[localhost].[/] [main] Initializing Spring embedded WebApplicationContext
2023-10-17 01:37:40,559 [INFO] org.springframework.boot.web.servlet.context.ServletWebServerApplicationContext [main] Root WebApplicationContext: initialization completed in 1904 ms
2023-10-17 01:37:40,634 [DEBUG] org.springframework.web.filter.CommonsRequestLoggingFilter [main] Filter 'requestLoggingFilter' configured for use
2023-10-17 01:37:40,787 [INFO] org.hibernate.jpa.internal.util.LogHelper [main] HHH000204: Processing PersistenceUnitInfo [name: default]
2023-10-17 01:37:40,828 [INFO] org.hibernate.Version [main] HHH000412: Hibernate ORM core version 5.6.15.Final
2023-10-17 01:37:41,056 [INFO] org.hibernate.annotations.common.Version [main] HCANN000001: Hibernate Commons Annotations {5.1.2.Final}
2023-10-17 01:37:41,147 [INFO] com.zaxxer.hikari.HikariDataSource [main] HikariPool-1 - Starting...
2023-10-17 01:37:41,527 [INFO] com.zaxxer.hikari.HikariDataSource [main] HikariPool-1 - Start completed.
2023-10-17 01:37:41,541 [INFO] org.hibernate.dialect.Dialect [main] HHH000400: Using dialect: org.hibernate.dialect.MySQL8Dialect
2023-10-17 01:37:42,204 [INFO] org.hibernate.engine.transaction.jta.platform.internal.JtaPlatformInitiator [main] HHH000490: Using JtaPlatform implementation: [org.hibernate.engine.transaction.jta.platform.internal.NoJtaPlatform]
2023-10-17 01:37:42,217 [INFO] org.springframework.orm.jpa.LocalContainerEntityManagerFactoryBean [main] Initialized JPA EntityManagerFactory for persistence unit 'default'
2023-10-17 01:37:42,623 [WARN] org.springframework.boot.web.servlet.context.AnnotationConfigServletWebServerApplicationContext [main] Exception encountered during context initialization - cancelling refresh attempt: org.springframework.beans.factory.UnsatisfiedDependencyException: Error creating bean with name 'org.springframework.boot.autoconfigure.web.servlet.WebMvcAutoConfiguration$EnableWebMvcConfiguration': Unsatisfied dependency expressed through method 'setConfigurers' parameter 0; nested exception is org.springframework.beans.factory.UnsatisfiedDependencyException: Error creating bean with name 'org.springdoc.ui.SwaggerConfig': Unsatisfied dependency expressed through field 'swaggerIndexTransformer'; nested exception is org.springframework.beans.factory.BeanCurrentlyInCreationException: Error creating bean with name 'org.springdoc.ui.SwaggerConfig': Requested bean is currently in creation: Is there an unresolvable circular reference?
2023-10-17 01:37:42,624 [INFO] org.springframework.orm.jpa.LocalContainerEntityManagerFactoryBean [main] Closing JPA EntityManagerFactory for persistence unit 'default'
2023-10-17 01:37:42,626 [INFO] com.zaxxer.hikari.HikariDataSource [main] HikariPool-1 - Shutdown initiated...
2023-10-17 01:37:42,637 [INFO] com.zaxxer.hikari.HikariDataSource [main] HikariPool-1 - Shutdown completed.
2023-10-17 01:37:42,640 [INFO] org.apache.catalina.core.StandardService [main] Stopping service [Tomcat]
2023-10-17 01:37:42,654 [INFO] org.springframework.boot.autoconfigure.logging.ConditionEvaluationReportLoggingListener [main] 

Error starting ApplicationContext. To display the conditions report re-run your application with 'debug' enabled.
2023-10-17 01:37:42,679 [ERROR] org.springframework.boot.diagnostics.LoggingFailureAnalysisReporter [main] 

***************************
APPLICATION FAILED TO START
***************************

Description:

The dependencies of some of the beans in the application context form a cycle:

   org.springframework.boot.autoconfigure.web.servlet.WebMvcAutoConfiguration$EnableWebMvcConfiguration
┌─────┐
|  org.springdoc.ui.SwaggerConfig (field private org.springdoc.ui.SwaggerIndexTransformer org.springdoc.ui.SwaggerConfig.swaggerIndexTransformer)
└─────┘


Action:

Relying upon circular references is discouraged and they are prohibited by default. Update your application to remove the dependency cycle between beans. As a last resort, it may be possible to break the cycle automatically by setting spring.main.allow-circular-references to true.

2023-10-17 01:39:17,082 [INFO] com.ironbit.invex.IronbitApplication [main] Starting IronbitApplication using Java 1.8.0_211 on Guillermos-MBP.domain.name with PID 16420 (/Users/loyo/Documents/development/ironbit/target/classes started by loyo in /Users/loyo/Documents/development/ironbit)
2023-10-17 01:39:17,086 [DEBUG] com.ironbit.invex.IronbitApplication [main] Running with Spring Boot v2.7.17-SNAPSHOT, Spring v5.3.30
2023-10-17 01:39:17,087 [INFO] com.ironbit.invex.IronbitApplication [main] No active profile set, falling back to 1 default profile: "default"
2023-10-17 01:39:18,401 [INFO] org.springframework.data.repository.config.RepositoryConfigurationDelegate [main] Bootstrapping Spring Data JPA repositories in DEFAULT mode.
2023-10-17 01:39:18,468 [INFO] org.springframework.data.repository.config.RepositoryConfigurationDelegate [main] Finished Spring Data repository scanning in 55 ms. Found 1 JPA repository interfaces.
2023-10-17 01:39:19,041 [INFO] org.springframework.boot.web.embedded.tomcat.TomcatWebServer [main] Tomcat initialized with port(s): 8080 (http)
2023-10-17 01:39:19,049 [INFO] org.apache.catalina.core.StandardService [main] Starting service [Tomcat]
2023-10-17 01:39:19,049 [INFO] org.apache.catalina.core.StandardEngine [main] Starting Servlet engine: [Apache Tomcat/9.0.82]
2023-10-17 01:39:19,194 [INFO] org.apache.catalina.core.ContainerBase.[Tomcat].[localhost].[/] [main] Initializing Spring embedded WebApplicationContext
2023-10-17 01:39:19,195 [INFO] org.springframework.boot.web.servlet.context.ServletWebServerApplicationContext [main] Root WebApplicationContext: initialization completed in 1937 ms
2023-10-17 01:39:19,256 [DEBUG] org.springframework.web.filter.CommonsRequestLoggingFilter [main] Filter 'requestLoggingFilter' configured for use
2023-10-17 01:39:19,416 [INFO] org.hibernate.jpa.internal.util.LogHelper [main] HHH000204: Processing PersistenceUnitInfo [name: default]
2023-10-17 01:39:19,456 [INFO] org.hibernate.Version [main] HHH000412: Hibernate ORM core version 5.6.15.Final
2023-10-17 01:39:19,670 [INFO] org.hibernate.annotations.common.Version [main] HCANN000001: Hibernate Commons Annotations {5.1.2.Final}
2023-10-17 01:39:19,756 [INFO] com.zaxxer.hikari.HikariDataSource [main] HikariPool-1 - Starting...
2023-10-17 01:39:20,107 [INFO] com.zaxxer.hikari.HikariDataSource [main] HikariPool-1 - Start completed.
2023-10-17 01:39:20,120 [INFO] org.hibernate.dialect.Dialect [main] HHH000400: Using dialect: org.hibernate.dialect.MySQL8Dialect
2023-10-17 01:39:20,720 [INFO] org.hibernate.engine.transaction.jta.platform.internal.JtaPlatformInitiator [main] HHH000490: Using JtaPlatform implementation: [org.hibernate.engine.transaction.jta.platform.internal.NoJtaPlatform]
2023-10-17 01:39:20,732 [INFO] org.springframework.orm.jpa.LocalContainerEntityManagerFactoryBean [main] Initialized JPA EntityManagerFactory for persistence unit 'default'
2023-10-17 01:39:21,175 [WARN] org.springframework.boot.web.servlet.context.AnnotationConfigServletWebServerApplicationContext [main] Exception encountered during context initialization - cancelling refresh attempt: org.springframework.beans.factory.UnsatisfiedDependencyException: Error creating bean with name 'org.springframework.boot.autoconfigure.web.servlet.WebMvcAutoConfiguration$EnableWebMvcConfiguration': Unsatisfied dependency expressed through method 'setConfigurers' parameter 0; nested exception is org.springframework.beans.factory.UnsatisfiedDependencyException: Error creating bean with name 'org.springdoc.ui.SwaggerConfig': Unsatisfied dependency expressed through field 'swaggerIndexTransformer'; nested exception is org.springframework.beans.factory.BeanCurrentlyInCreationException: Error creating bean with name 'org.springdoc.ui.SwaggerConfig': Requested bean is currently in creation: Is there an unresolvable circular reference?
2023-10-17 01:39:21,176 [INFO] org.springframework.orm.jpa.LocalContainerEntityManagerFactoryBean [main] Closing JPA EntityManagerFactory for persistence unit 'default'
2023-10-17 01:39:21,179 [INFO] com.zaxxer.hikari.HikariDataSource [main] HikariPool-1 - Shutdown initiated...
2023-10-17 01:39:21,190 [INFO] com.zaxxer.hikari.HikariDataSource [main] HikariPool-1 - Shutdown completed.
2023-10-17 01:39:21,192 [INFO] org.apache.catalina.core.StandardService [main] Stopping service [Tomcat]
2023-10-17 01:39:21,207 [INFO] org.springframework.boot.autoconfigure.logging.ConditionEvaluationReportLoggingListener [main] 

Error starting ApplicationContext. To display the conditions report re-run your application with 'debug' enabled.
2023-10-17 01:39:21,224 [ERROR] org.springframework.boot.diagnostics.LoggingFailureAnalysisReporter [main] 

***************************
APPLICATION FAILED TO START
***************************

Description:

The dependencies of some of the beans in the application context form a cycle:

   org.springframework.boot.autoconfigure.web.servlet.WebMvcAutoConfiguration$EnableWebMvcConfiguration
┌─────┐
|  org.springdoc.ui.SwaggerConfig (field private org.springdoc.ui.SwaggerIndexTransformer org.springdoc.ui.SwaggerConfig.swaggerIndexTransformer)
└─────┘


Action:

Relying upon circular references is discouraged and they are prohibited by default. Update your application to remove the dependency cycle between beans. As a last resort, it may be possible to break the cycle automatically by setting spring.main.allow-circular-references to true.

2023-10-17 01:42:06,179 [INFO] com.ironbit.invex.IronbitApplication [main] Starting IronbitApplication using Java 1.8.0_211 on Guillermos-MBP.domain.name with PID 16449 (/Users/loyo/Documents/development/ironbit/target/classes started by loyo in /Users/loyo/Documents/development/ironbit)
2023-10-17 01:42:06,183 [DEBUG] com.ironbit.invex.IronbitApplication [main] Running with Spring Boot v2.7.17-SNAPSHOT, Spring v5.3.30
2023-10-17 01:42:06,184 [INFO] com.ironbit.invex.IronbitApplication [main] No active profile set, falling back to 1 default profile: "default"
2023-10-17 01:42:07,467 [INFO] org.springframework.data.repository.config.RepositoryConfigurationDelegate [main] Bootstrapping Spring Data JPA repositories in DEFAULT mode.
2023-10-17 01:42:07,536 [INFO] org.springframework.data.repository.config.RepositoryConfigurationDelegate [main] Finished Spring Data repository scanning in 57 ms. Found 1 JPA repository interfaces.
2023-10-17 01:42:08,146 [INFO] org.springframework.boot.web.embedded.tomcat.TomcatWebServer [main] Tomcat initialized with port(s): 8080 (http)
2023-10-17 01:42:08,158 [INFO] org.apache.catalina.core.StandardService [main] Starting service [Tomcat]
2023-10-17 01:42:08,158 [INFO] org.apache.catalina.core.StandardEngine [main] Starting Servlet engine: [Apache Tomcat/9.0.82]
2023-10-17 01:42:08,314 [INFO] org.apache.catalina.core.ContainerBase.[Tomcat].[localhost].[/] [main] Initializing Spring embedded WebApplicationContext
2023-10-17 01:42:08,314 [INFO] org.springframework.boot.web.servlet.context.ServletWebServerApplicationContext [main] Root WebApplicationContext: initialization completed in 1995 ms
2023-10-17 01:42:08,392 [DEBUG] org.springframework.web.filter.CommonsRequestLoggingFilter [main] Filter 'requestLoggingFilter' configured for use
2023-10-17 01:42:08,545 [INFO] org.hibernate.jpa.internal.util.LogHelper [main] HHH000204: Processing PersistenceUnitInfo [name: default]
2023-10-17 01:42:08,589 [INFO] org.hibernate.Version [main] HHH000412: Hibernate ORM core version 5.6.15.Final
2023-10-17 01:42:08,823 [INFO] org.hibernate.annotations.common.Version [main] HCANN000001: Hibernate Commons Annotations {5.1.2.Final}
2023-10-17 01:42:08,918 [INFO] com.zaxxer.hikari.HikariDataSource [main] HikariPool-1 - Starting...
2023-10-17 01:42:09,378 [INFO] com.zaxxer.hikari.HikariDataSource [main] HikariPool-1 - Start completed.
2023-10-17 01:42:09,395 [INFO] org.hibernate.dialect.Dialect [main] HHH000400: Using dialect: org.hibernate.dialect.MySQL8Dialect
2023-10-17 01:42:10,116 [INFO] org.hibernate.engine.transaction.jta.platform.internal.JtaPlatformInitiator [main] HHH000490: Using JtaPlatform implementation: [org.hibernate.engine.transaction.jta.platform.internal.NoJtaPlatform]
2023-10-17 01:42:10,127 [INFO] org.springframework.orm.jpa.LocalContainerEntityManagerFactoryBean [main] Initialized JPA EntityManagerFactory for persistence unit 'default'
2023-10-17 01:42:10,584 [WARN] org.springframework.boot.autoconfigure.orm.jpa.JpaBaseConfiguration$JpaWebConfiguration [main] spring.jpa.open-in-view is enabled by default. Therefore, database queries may be performed during view rendering. Explicitly configure spring.jpa.open-in-view to disable this warning
2023-10-17 01:42:11,596 [INFO] org.springframework.boot.web.embedded.tomcat.TomcatWebServer [main] Tomcat started on port(s): 8080 (http) with context path ''
2023-10-17 01:42:11,610 [INFO] com.ironbit.invex.IronbitApplication [main] Started IronbitApplication in 6.108 seconds (JVM running for 7.299)
2023-10-17 01:43:30,453 [INFO] org.apache.catalina.core.ContainerBase.[Tomcat].[localhost].[/] [http-nio-8080-exec-1] Initializing Spring DispatcherServlet 'dispatcherServlet'
2023-10-17 01:43:30,454 [INFO] org.springframework.web.servlet.DispatcherServlet [http-nio-8080-exec-1] Initializing Servlet 'dispatcherServlet'
2023-10-17 01:43:30,456 [INFO] org.springframework.web.servlet.DispatcherServlet [http-nio-8080-exec-1] Completed initialization in 2 ms
2023-10-17 01:43:30,477 [DEBUG] org.springframework.web.filter.CommonsRequestLoggingFilter [http-nio-8080-exec-1] Before request [GET /v3/api-docs, headers=[host:"localhost:8080", connection:"keep-alive", sec-ch-ua:""Google Chrome";v="117", "Not;A=Brand";v="8", "Chromium";v="117"", sec-ch-ua-mobile:"?0", sec-ch-ua-platform:""macOS"", upgrade-insecure-requests:"1", user-agent:"Mozilla/5.0 (Macintosh; Intel Mac OS X 10_15_7) AppleWebKit/537.36 (KHTML, like Gecko) Chrome/117.0.0.0 Safari/537.36", accept:"text/html,application/xhtml+xml,application/xml;q=0.9,image/avif,image/webp,image/apng,*/*;q=0.8,application/signed-exchange;v=b3;q=0.7", sec-fetch-site:"none", sec-fetch-mode:"navigate", sec-fetch-user:"?1", sec-fetch-dest:"document", accept-encoding:"gzip, deflate, br", accept-language:"en-US,en;q=0.9"]]
2023-10-17 01:43:31,161 [INFO] org.springdoc.api.AbstractOpenApiResource [http-nio-8080-exec-1] Init duration for springdoc-openapi is: 626 ms
2023-10-17 01:43:31,233 [DEBUG] org.springframework.web.filter.CommonsRequestLoggingFilter [http-nio-8080-exec-1] After request [GET /v3/api-docs, headers=[host:"localhost:8080", connection:"keep-alive", sec-ch-ua:""Google Chrome";v="117", "Not;A=Brand";v="8", "Chromium";v="117"", sec-ch-ua-mobile:"?0", sec-ch-ua-platform:""macOS"", upgrade-insecure-requests:"1", user-agent:"Mozilla/5.0 (Macintosh; Intel Mac OS X 10_15_7) AppleWebKit/537.36 (KHTML, like Gecko) Chrome/117.0.0.0 Safari/537.36", accept:"text/html,application/xhtml+xml,application/xml;q=0.9,image/avif,image/webp,image/apng,*/*;q=0.8,application/signed-exchange;v=b3;q=0.7", sec-fetch-site:"none", sec-fetch-mode:"navigate", sec-fetch-user:"?1", sec-fetch-dest:"document", accept-encoding:"gzip, deflate, br", accept-language:"en-US,en;q=0.9"]]
2023-10-17 01:43:51,130 [DEBUG] org.springframework.web.filter.CommonsRequestLoggingFilter [http-nio-8080-exec-2] Before request [GET /v3/api-docs.yaml, headers=[host:"localhost:8080", connection:"keep-alive", sec-ch-ua:""Google Chrome";v="117", "Not;A=Brand";v="8", "Chromium";v="117"", sec-ch-ua-mobile:"?0", sec-ch-ua-platform:""macOS"", upgrade-insecure-requests:"1", user-agent:"Mozilla/5.0 (Macintosh; Intel Mac OS X 10_15_7) AppleWebKit/537.36 (KHTML, like Gecko) Chrome/117.0.0.0 Safari/537.36", accept:"text/html,application/xhtml+xml,application/xml;q=0.9,image/avif,image/webp,image/apng,*/*;q=0.8,application/signed-exchange;v=b3;q=0.7", sec-fetch-site:"none", sec-fetch-mode:"navigate", sec-fetch-user:"?1", sec-fetch-dest:"document", accept-encoding:"gzip, deflate, br", accept-language:"en-US,en;q=0.9"]]
2023-10-17 01:43:51,299 [DEBUG] org.springframework.web.filter.CommonsRequestLoggingFilter [http-nio-8080-exec-2] After request [GET /v3/api-docs.yaml, headers=[host:"localhost:8080", connection:"keep-alive", sec-ch-ua:""Google Chrome";v="117", "Not;A=Brand";v="8", "Chromium";v="117"", sec-ch-ua-mobile:"?0", sec-ch-ua-platform:""macOS"", upgrade-insecure-requests:"1", user-agent:"Mozilla/5.0 (Macintosh; Intel Mac OS X 10_15_7) AppleWebKit/537.36 (KHTML, like Gecko) Chrome/117.0.0.0 Safari/537.36", accept:"text/html,application/xhtml+xml,application/xml;q=0.9,image/avif,image/webp,image/apng,*/*;q=0.8,application/signed-exchange;v=b3;q=0.7", sec-fetch-site:"none", sec-fetch-mode:"navigate", sec-fetch-user:"?1", sec-fetch-dest:"document", accept-encoding:"gzip, deflate, br", accept-language:"en-US,en;q=0.9"]]
2023-10-17 01:46:46,656 [DEBUG] org.springframework.web.filter.CommonsRequestLoggingFilter [http-nio-8080-exec-5] Before request [GET /v3/swagger-ui/index.html, headers=[host:"localhost:8080", connection:"keep-alive", sec-ch-ua:""Google Chrome";v="117", "Not;A=Brand";v="8", "Chromium";v="117"", sec-ch-ua-mobile:"?0", sec-ch-ua-platform:""macOS"", upgrade-insecure-requests:"1", user-agent:"Mozilla/5.0 (Macintosh; Intel Mac OS X 10_15_7) AppleWebKit/537.36 (KHTML, like Gecko) Chrome/117.0.0.0 Safari/537.36", accept:"text/html,application/xhtml+xml,application/xml;q=0.9,image/avif,image/webp,image/apng,*/*;q=0.8,application/signed-exchange;v=b3;q=0.7", sec-fetch-site:"none", sec-fetch-mode:"navigate", sec-fetch-user:"?1", sec-fetch-dest:"document", accept-encoding:"gzip, deflate, br", accept-language:"en-US,en;q=0.9"]]
2023-10-17 01:46:46,671 [DEBUG] org.springframework.web.filter.CommonsRequestLoggingFilter [http-nio-8080-exec-5] After request [GET /v3/swagger-ui/index.html, headers=[host:"localhost:8080", connection:"keep-alive", sec-ch-ua:""Google Chrome";v="117", "Not;A=Brand";v="8", "Chromium";v="117"", sec-ch-ua-mobile:"?0", sec-ch-ua-platform:""macOS"", upgrade-insecure-requests:"1", user-agent:"Mozilla/5.0 (Macintosh; Intel Mac OS X 10_15_7) AppleWebKit/537.36 (KHTML, like Gecko) Chrome/117.0.0.0 Safari/537.36", accept:"text/html,application/xhtml+xml,application/xml;q=0.9,image/avif,image/webp,image/apng,*/*;q=0.8,application/signed-exchange;v=b3;q=0.7", sec-fetch-site:"none", sec-fetch-mode:"navigate", sec-fetch-user:"?1", sec-fetch-dest:"document", accept-encoding:"gzip, deflate, br", accept-language:"en-US,en;q=0.9"]]
2023-10-17 01:46:51,770 [DEBUG] org.springframework.web.filter.CommonsRequestLoggingFilter [http-nio-8080-exec-6] Before request [GET /swagger-ui/index.html, headers=[host:"localhost:8080", connection:"keep-alive", sec-ch-ua:""Google Chrome";v="117", "Not;A=Brand";v="8", "Chromium";v="117"", sec-ch-ua-mobile:"?0", sec-ch-ua-platform:""macOS"", upgrade-insecure-requests:"1", user-agent:"Mozilla/5.0 (Macintosh; Intel Mac OS X 10_15_7) AppleWebKit/537.36 (KHTML, like Gecko) Chrome/117.0.0.0 Safari/537.36", accept:"text/html,application/xhtml+xml,application/xml;q=0.9,image/avif,image/webp,image/apng,*/*;q=0.8,application/signed-exchange;v=b3;q=0.7", sec-fetch-site:"none", sec-fetch-mode:"navigate", sec-fetch-user:"?1", sec-fetch-dest:"document", accept-encoding:"gzip, deflate, br", accept-language:"en-US,en;q=0.9"]]
2023-10-17 01:46:51,779 [DEBUG] org.springframework.web.filter.CommonsRequestLoggingFilter [http-nio-8080-exec-6] After request [GET /swagger-ui/index.html, headers=[host:"localhost:8080", connection:"keep-alive", sec-ch-ua:""Google Chrome";v="117", "Not;A=Brand";v="8", "Chromium";v="117"", sec-ch-ua-mobile:"?0", sec-ch-ua-platform:""macOS"", upgrade-insecure-requests:"1", user-agent:"Mozilla/5.0 (Macintosh; Intel Mac OS X 10_15_7) AppleWebKit/537.36 (KHTML, like Gecko) Chrome/117.0.0.0 Safari/537.36", accept:"text/html,application/xhtml+xml,application/xml;q=0.9,image/avif,image/webp,image/apng,*/*;q=0.8,application/signed-exchange;v=b3;q=0.7", sec-fetch-site:"none", sec-fetch-mode:"navigate", sec-fetch-user:"?1", sec-fetch-dest:"document", accept-encoding:"gzip, deflate, br", accept-language:"en-US,en;q=0.9"]]
2023-10-17 01:46:51,846 [DEBUG] org.springframework.web.filter.CommonsRequestLoggingFilter [http-nio-8080-exec-7] Before request [GET /swagger-ui/swagger-ui-bundle.js, headers=[host:"localhost:8080", connection:"keep-alive", sec-ch-ua:""Google Chrome";v="117", "Not;A=Brand";v="8", "Chromium";v="117"", sec-ch-ua-mobile:"?0", user-agent:"Mozilla/5.0 (Macintosh; Intel Mac OS X 10_15_7) AppleWebKit/537.36 (KHTML, like Gecko) Chrome/117.0.0.0 Safari/537.36", sec-ch-ua-platform:""macOS"", accept:"*/*", sec-fetch-site:"same-origin", sec-fetch-mode:"no-cors", sec-fetch-dest:"script", referer:"http://localhost:8080/swagger-ui/index.html", accept-encoding:"gzip, deflate, br", accept-language:"en-US,en;q=0.9"]]
2023-10-17 01:46:51,853 [DEBUG] org.springframework.web.filter.CommonsRequestLoggingFilter [http-nio-8080-exec-9] Before request [GET /swagger-ui/swagger-ui-standalone-preset.js, headers=[host:"localhost:8080", connection:"keep-alive", sec-ch-ua:""Google Chrome";v="117", "Not;A=Brand";v="8", "Chromium";v="117"", sec-ch-ua-mobile:"?0", user-agent:"Mozilla/5.0 (Macintosh; Intel Mac OS X 10_15_7) AppleWebKit/537.36 (KHTML, like Gecko) Chrome/117.0.0.0 Safari/537.36", sec-ch-ua-platform:""macOS"", accept:"*/*", sec-fetch-site:"same-origin", sec-fetch-mode:"no-cors", sec-fetch-dest:"script", referer:"http://localhost:8080/swagger-ui/index.html", accept-encoding:"gzip, deflate, br", accept-language:"en-US,en;q=0.9"]]
2023-10-17 01:46:51,853 [DEBUG] org.springframework.web.filter.CommonsRequestLoggingFilter [http-nio-8080-exec-8] Before request [GET /swagger-ui/swagger-ui.css, headers=[host:"localhost:8080", connection:"keep-alive", sec-ch-ua:""Google Chrome";v="117", "Not;A=Brand";v="8", "Chromium";v="117"", sec-ch-ua-mobile:"?0", user-agent:"Mozilla/5.0 (Macintosh; Intel Mac OS X 10_15_7) AppleWebKit/537.36 (KHTML, like Gecko) Chrome/117.0.0.0 Safari/537.36", sec-ch-ua-platform:""macOS"", accept:"text/css,*/*;q=0.1", sec-fetch-site:"same-origin", sec-fetch-mode:"no-cors", sec-fetch-dest:"style", referer:"http://localhost:8080/swagger-ui/index.html", accept-encoding:"gzip, deflate, br", accept-language:"en-US,en;q=0.9"]]
2023-10-17 01:46:51,869 [DEBUG] org.springframework.web.filter.CommonsRequestLoggingFilter [http-nio-8080-exec-8] After request [GET /swagger-ui/swagger-ui.css, headers=[host:"localhost:8080", connection:"keep-alive", sec-ch-ua:""Google Chrome";v="117", "Not;A=Brand";v="8", "Chromium";v="117"", sec-ch-ua-mobile:"?0", user-agent:"Mozilla/5.0 (Macintosh; Intel Mac OS X 10_15_7) AppleWebKit/537.36 (KHTML, like Gecko) Chrome/117.0.0.0 Safari/537.36", sec-ch-ua-platform:""macOS"", accept:"text/css,*/*;q=0.1", sec-fetch-site:"same-origin", sec-fetch-mode:"no-cors", sec-fetch-dest:"style", referer:"http://localhost:8080/swagger-ui/index.html", accept-encoding:"gzip, deflate, br", accept-language:"en-US,en;q=0.9"]]
2023-10-17 01:46:51,870 [DEBUG] org.springframework.web.filter.CommonsRequestLoggingFilter [http-nio-8080-exec-9] After request [GET /swagger-ui/swagger-ui-standalone-preset.js, headers=[host:"localhost:8080", connection:"keep-alive", sec-ch-ua:""Google Chrome";v="117", "Not;A=Brand";v="8", "Chromium";v="117"", sec-ch-ua-mobile:"?0", user-agent:"Mozilla/5.0 (Macintosh; Intel Mac OS X 10_15_7) AppleWebKit/537.36 (KHTML, like Gecko) Chrome/117.0.0.0 Safari/537.36", sec-ch-ua-platform:""macOS"", accept:"*/*", sec-fetch-site:"same-origin", sec-fetch-mode:"no-cors", sec-fetch-dest:"script", referer:"http://localhost:8080/swagger-ui/index.html", accept-encoding:"gzip, deflate, br", accept-language:"en-US,en;q=0.9"]]
2023-10-17 01:46:51,927 [DEBUG] org.springframework.web.filter.CommonsRequestLoggingFilter [http-nio-8080-exec-7] After request [GET /swagger-ui/swagger-ui-bundle.js, headers=[host:"localhost:8080", connection:"keep-alive", sec-ch-ua:""Google Chrome";v="117", "Not;A=Brand";v="8", "Chromium";v="117"", sec-ch-ua-mobile:"?0", user-agent:"Mozilla/5.0 (Macintosh; Intel Mac OS X 10_15_7) AppleWebKit/537.36 (KHTML, like Gecko) Chrome/117.0.0.0 Safari/537.36", sec-ch-ua-platform:""macOS"", accept:"*/*", sec-fetch-site:"same-origin", sec-fetch-mode:"no-cors", sec-fetch-dest:"script", referer:"http://localhost:8080/swagger-ui/index.html", accept-encoding:"gzip, deflate, br", accept-language:"en-US,en;q=0.9"]]
2023-10-17 01:46:52,295 [DEBUG] org.springframework.web.filter.CommonsRequestLoggingFilter [http-nio-8080-exec-10] Before request [GET /swagger-ui/favicon-32x32.png, headers=[host:"localhost:8080", connection:"keep-alive", sec-ch-ua:""Google Chrome";v="117", "Not;A=Brand";v="8", "Chromium";v="117"", sec-ch-ua-mobile:"?0", user-agent:"Mozilla/5.0 (Macintosh; Intel Mac OS X 10_15_7) AppleWebKit/537.36 (KHTML, like Gecko) Chrome/117.0.0.0 Safari/537.36", sec-ch-ua-platform:""macOS"", accept:"image/avif,image/webp,image/apng,image/svg+xml,image/*,*/*;q=0.8", sec-fetch-site:"same-origin", sec-fetch-mode:"no-cors", sec-fetch-dest:"image", referer:"http://localhost:8080/swagger-ui/index.html", accept-encoding:"gzip, deflate, br", accept-language:"en-US,en;q=0.9"]]
2023-10-17 01:46:52,300 [DEBUG] org.springframework.web.filter.CommonsRequestLoggingFilter [http-nio-8080-exec-10] After request [GET /swagger-ui/favicon-32x32.png, headers=[host:"localhost:8080", connection:"keep-alive", sec-ch-ua:""Google Chrome";v="117", "Not;A=Brand";v="8", "Chromium";v="117"", sec-ch-ua-mobile:"?0", user-agent:"Mozilla/5.0 (Macintosh; Intel Mac OS X 10_15_7) AppleWebKit/537.36 (KHTML, like Gecko) Chrome/117.0.0.0 Safari/537.36", sec-ch-ua-platform:""macOS"", accept:"image/avif,image/webp,image/apng,image/svg+xml,image/*,*/*;q=0.8", sec-fetch-site:"same-origin", sec-fetch-mode:"no-cors", sec-fetch-dest:"image", referer:"http://localhost:8080/swagger-ui/index.html", accept-encoding:"gzip, deflate, br", accept-language:"en-US,en;q=0.9"]]
2023-10-17 01:53:51,652 [INFO] org.springframework.orm.jpa.LocalContainerEntityManagerFactoryBean [SpringApplicationShutdownHook] Closing JPA EntityManagerFactory for persistence unit 'default'
2023-10-17 01:53:51,656 [INFO] com.zaxxer.hikari.HikariDataSource [SpringApplicationShutdownHook] HikariPool-1 - Shutdown initiated...
2023-10-17 01:53:51,666 [INFO] com.zaxxer.hikari.HikariDataSource [SpringApplicationShutdownHook] HikariPool-1 - Shutdown completed.
2023-10-17 01:54:24,545 [INFO] com.ironbit.invex.IronbitApplication [main] Starting IronbitApplication using Java 1.8.0_211 on Guillermos-MBP.domain.name with PID 16525 (/Users/loyo/Documents/development/ironbit/target/classes started by loyo in /Users/loyo/Documents/development/ironbit)
2023-10-17 01:54:24,549 [DEBUG] com.ironbit.invex.IronbitApplication [main] Running with Spring Boot v2.7.17-SNAPSHOT, Spring v5.3.30
2023-10-17 01:54:24,550 [INFO] com.ironbit.invex.IronbitApplication [main] No active profile set, falling back to 1 default profile: "default"
2023-10-17 01:54:25,991 [INFO] org.springframework.data.repository.config.RepositoryConfigurationDelegate [main] Bootstrapping Spring Data JPA repositories in DEFAULT mode.
2023-10-17 01:54:26,064 [INFO] org.springframework.data.repository.config.RepositoryConfigurationDelegate [main] Finished Spring Data repository scanning in 61 ms. Found 1 JPA repository interfaces.
2023-10-17 01:54:26,807 [INFO] org.springframework.boot.web.embedded.tomcat.TomcatWebServer [main] Tomcat initialized with port(s): 8080 (http)
2023-10-17 01:54:26,816 [INFO] org.apache.catalina.core.StandardService [main] Starting service [Tomcat]
2023-10-17 01:54:26,817 [INFO] org.apache.catalina.core.StandardEngine [main] Starting Servlet engine: [Apache Tomcat/9.0.82]
2023-10-17 01:54:27,068 [INFO] org.apache.catalina.core.ContainerBase.[Tomcat].[localhost].[/] [main] Initializing Spring embedded WebApplicationContext
2023-10-17 01:54:27,073 [INFO] org.springframework.boot.web.servlet.context.ServletWebServerApplicationContext [main] Root WebApplicationContext: initialization completed in 2383 ms
2023-10-17 01:54:27,164 [DEBUG] org.springframework.web.filter.CommonsRequestLoggingFilter [main] Filter 'requestLoggingFilter' configured for use
2023-10-17 01:54:27,326 [INFO] org.hibernate.jpa.internal.util.LogHelper [main] HHH000204: Processing PersistenceUnitInfo [name: default]
2023-10-17 01:54:27,372 [INFO] org.hibernate.Version [main] HHH000412: Hibernate ORM core version 5.6.15.Final
2023-10-17 01:54:27,610 [INFO] org.hibernate.annotations.common.Version [main] HCANN000001: Hibernate Commons Annotations {5.1.2.Final}
2023-10-17 01:54:27,722 [INFO] com.zaxxer.hikari.HikariDataSource [main] HikariPool-1 - Starting...
2023-10-17 01:54:28,143 [INFO] com.zaxxer.hikari.HikariDataSource [main] HikariPool-1 - Start completed.
2023-10-17 01:54:28,157 [INFO] org.hibernate.dialect.Dialect [main] HHH000400: Using dialect: org.hibernate.dialect.MySQL8Dialect
2023-10-17 01:54:28,784 [INFO] org.hibernate.engine.transaction.jta.platform.internal.JtaPlatformInitiator [main] HHH000490: Using JtaPlatform implementation: [org.hibernate.engine.transaction.jta.platform.internal.NoJtaPlatform]
2023-10-17 01:54:28,795 [INFO] org.springframework.orm.jpa.LocalContainerEntityManagerFactoryBean [main] Initialized JPA EntityManagerFactory for persistence unit 'default'
2023-10-17 01:54:29,282 [WARN] org.springframework.boot.autoconfigure.orm.jpa.JpaBaseConfiguration$JpaWebConfiguration [main] spring.jpa.open-in-view is enabled by default. Therefore, database queries may be performed during view rendering. Explicitly configure spring.jpa.open-in-view to disable this warning
2023-10-17 01:54:31,570 [INFO] org.springframework.boot.web.embedded.tomcat.TomcatWebServer [main] Tomcat started on port(s): 8080 (http) with context path ''
2023-10-17 01:54:31,599 [INFO] com.ironbit.invex.IronbitApplication [main] Started IronbitApplication in 7.716 seconds (JVM running for 8.669)
2023-10-17 01:54:46,631 [INFO] org.apache.catalina.core.ContainerBase.[Tomcat].[localhost].[/] [http-nio-8080-exec-1] Initializing Spring DispatcherServlet 'dispatcherServlet'
2023-10-17 01:54:46,631 [INFO] org.springframework.web.servlet.DispatcherServlet [http-nio-8080-exec-1] Initializing Servlet 'dispatcherServlet'
2023-10-17 01:54:46,634 [INFO] org.springframework.web.servlet.DispatcherServlet [http-nio-8080-exec-1] Completed initialization in 3 ms
2023-10-17 01:54:46,659 [DEBUG] org.springframework.web.filter.CommonsRequestLoggingFilter [http-nio-8080-exec-1] Before request [GET /empleado-docs, headers=[host:"localhost:8080", connection:"keep-alive", sec-ch-ua:""Google Chrome";v="117", "Not;A=Brand";v="8", "Chromium";v="117"", sec-ch-ua-mobile:"?0", sec-ch-ua-platform:""macOS"", upgrade-insecure-requests:"1", user-agent:"Mozilla/5.0 (Macintosh; Intel Mac OS X 10_15_7) AppleWebKit/537.36 (KHTML, like Gecko) Chrome/117.0.0.0 Safari/537.36", accept:"text/html,application/xhtml+xml,application/xml;q=0.9,image/avif,image/webp,image/apng,*/*;q=0.8,application/signed-exchange;v=b3;q=0.7", sec-fetch-site:"none", sec-fetch-mode:"navigate", sec-fetch-user:"?1", sec-fetch-dest:"document", accept-encoding:"gzip, deflate, br", accept-language:"en-US,en;q=0.9"]]
2023-10-17 01:54:47,428 [INFO] org.springdoc.api.AbstractOpenApiResource [http-nio-8080-exec-1] Init duration for springdoc-openapi is: 714 ms
2023-10-17 01:54:47,498 [DEBUG] org.springframework.web.filter.CommonsRequestLoggingFilter [http-nio-8080-exec-1] After request [GET /empleado-docs, headers=[host:"localhost:8080", connection:"keep-alive", sec-ch-ua:""Google Chrome";v="117", "Not;A=Brand";v="8", "Chromium";v="117"", sec-ch-ua-mobile:"?0", sec-ch-ua-platform:""macOS"", upgrade-insecure-requests:"1", user-agent:"Mozilla/5.0 (Macintosh; Intel Mac OS X 10_15_7) AppleWebKit/537.36 (KHTML, like Gecko) Chrome/117.0.0.0 Safari/537.36", accept:"text/html,application/xhtml+xml,application/xml;q=0.9,image/avif,image/webp,image/apng,*/*;q=0.8,application/signed-exchange;v=b3;q=0.7", sec-fetch-site:"none", sec-fetch-mode:"navigate", sec-fetch-user:"?1", sec-fetch-dest:"document", accept-encoding:"gzip, deflate, br", accept-language:"en-US,en;q=0.9"]]
2023-10-17 01:54:53,623 [DEBUG] org.springframework.web.filter.CommonsRequestLoggingFilter [http-nio-8080-exec-2] Before request [GET /empleado-docs.yml, headers=[host:"localhost:8080", connection:"keep-alive", sec-ch-ua:""Google Chrome";v="117", "Not;A=Brand";v="8", "Chromium";v="117"", sec-ch-ua-mobile:"?0", sec-ch-ua-platform:""macOS"", upgrade-insecure-requests:"1", user-agent:"Mozilla/5.0 (Macintosh; Intel Mac OS X 10_15_7) AppleWebKit/537.36 (KHTML, like Gecko) Chrome/117.0.0.0 Safari/537.36", accept:"text/html,application/xhtml+xml,application/xml;q=0.9,image/avif,image/webp,image/apng,*/*;q=0.8,application/signed-exchange;v=b3;q=0.7", sec-fetch-site:"none", sec-fetch-mode:"navigate", sec-fetch-user:"?1", sec-fetch-dest:"document", accept-encoding:"gzip, deflate, br", accept-language:"en-US,en;q=0.9"]]
2023-10-17 01:54:53,635 [DEBUG] org.springframework.web.filter.CommonsRequestLoggingFilter [http-nio-8080-exec-2] After request [GET /empleado-docs.yml, headers=[host:"localhost:8080", connection:"keep-alive", sec-ch-ua:""Google Chrome";v="117", "Not;A=Brand";v="8", "Chromium";v="117"", sec-ch-ua-mobile:"?0", sec-ch-ua-platform:""macOS"", upgrade-insecure-requests:"1", user-agent:"Mozilla/5.0 (Macintosh; Intel Mac OS X 10_15_7) AppleWebKit/537.36 (KHTML, like Gecko) Chrome/117.0.0.0 Safari/537.36", accept:"text/html,application/xhtml+xml,application/xml;q=0.9,image/avif,image/webp,image/apng,*/*;q=0.8,application/signed-exchange;v=b3;q=0.7", sec-fetch-site:"none", sec-fetch-mode:"navigate", sec-fetch-user:"?1", sec-fetch-dest:"document", accept-encoding:"gzip, deflate, br", accept-language:"en-US,en;q=0.9"]]
2023-10-17 01:55:11,268 [DEBUG] org.springframework.web.filter.CommonsRequestLoggingFilter [http-nio-8080-exec-3] Before request [GET /empleado-docs.yaml, headers=[host:"localhost:8080", connection:"keep-alive", sec-ch-ua:""Google Chrome";v="117", "Not;A=Brand";v="8", "Chromium";v="117"", sec-ch-ua-mobile:"?0", sec-ch-ua-platform:""macOS"", upgrade-insecure-requests:"1", user-agent:"Mozilla/5.0 (Macintosh; Intel Mac OS X 10_15_7) AppleWebKit/537.36 (KHTML, like Gecko) Chrome/117.0.0.0 Safari/537.36", accept:"text/html,application/xhtml+xml,application/xml;q=0.9,image/avif,image/webp,image/apng,*/*;q=0.8,application/signed-exchange;v=b3;q=0.7", sec-fetch-site:"none", sec-fetch-mode:"navigate", sec-fetch-user:"?1", sec-fetch-dest:"document", accept-encoding:"gzip, deflate, br", accept-language:"en-US,en;q=0.9"]]
2023-10-17 01:55:11,356 [DEBUG] org.springframework.web.filter.CommonsRequestLoggingFilter [http-nio-8080-exec-3] After request [GET /empleado-docs.yaml, headers=[host:"localhost:8080", connection:"keep-alive", sec-ch-ua:""Google Chrome";v="117", "Not;A=Brand";v="8", "Chromium";v="117"", sec-ch-ua-mobile:"?0", sec-ch-ua-platform:""macOS"", upgrade-insecure-requests:"1", user-agent:"Mozilla/5.0 (Macintosh; Intel Mac OS X 10_15_7) AppleWebKit/537.36 (KHTML, like Gecko) Chrome/117.0.0.0 Safari/537.36", accept:"text/html,application/xhtml+xml,application/xml;q=0.9,image/avif,image/webp,image/apng,*/*;q=0.8,application/signed-exchange;v=b3;q=0.7", sec-fetch-site:"none", sec-fetch-mode:"navigate", sec-fetch-user:"?1", sec-fetch-dest:"document", accept-encoding:"gzip, deflate, br", accept-language:"en-US,en;q=0.9"]]
2023-10-17 01:55:16,808 [DEBUG] org.springframework.web.filter.CommonsRequestLoggingFilter [http-nio-8080-exec-4] Before request [GET /empleado-docs, headers=[host:"localhost:8080", connection:"keep-alive", sec-ch-ua:""Google Chrome";v="117", "Not;A=Brand";v="8", "Chromium";v="117"", sec-ch-ua-mobile:"?0", sec-ch-ua-platform:""macOS"", upgrade-insecure-requests:"1", user-agent:"Mozilla/5.0 (Macintosh; Intel Mac OS X 10_15_7) AppleWebKit/537.36 (KHTML, like Gecko) Chrome/117.0.0.0 Safari/537.36", accept:"text/html,application/xhtml+xml,application/xml;q=0.9,image/avif,image/webp,image/apng,*/*;q=0.8,application/signed-exchange;v=b3;q=0.7", sec-fetch-site:"none", sec-fetch-mode:"navigate", sec-fetch-user:"?1", sec-fetch-dest:"document", accept-encoding:"gzip, deflate, br", accept-language:"en-US,en;q=0.9"]]
2023-10-17 01:55:16,818 [DEBUG] org.springframework.web.filter.CommonsRequestLoggingFilter [http-nio-8080-exec-4] After request [GET /empleado-docs, headers=[host:"localhost:8080", connection:"keep-alive", sec-ch-ua:""Google Chrome";v="117", "Not;A=Brand";v="8", "Chromium";v="117"", sec-ch-ua-mobile:"?0", sec-ch-ua-platform:""macOS"", upgrade-insecure-requests:"1", user-agent:"Mozilla/5.0 (Macintosh; Intel Mac OS X 10_15_7) AppleWebKit/537.36 (KHTML, like Gecko) Chrome/117.0.0.0 Safari/537.36", accept:"text/html,application/xhtml+xml,application/xml;q=0.9,image/avif,image/webp,image/apng,*/*;q=0.8,application/signed-exchange;v=b3;q=0.7", sec-fetch-site:"none", sec-fetch-mode:"navigate", sec-fetch-user:"?1", sec-fetch-dest:"document", accept-encoding:"gzip, deflate, br", accept-language:"en-US,en;q=0.9"]]
2023-10-17 01:55:45,779 [DEBUG] org.springframework.web.filter.CommonsRequestLoggingFilter [http-nio-8080-exec-5] Before request [GET /swagger-ui.html, headers=[host:"localhost:8080", connection:"keep-alive", sec-ch-ua:""Google Chrome";v="117", "Not;A=Brand";v="8", "Chromium";v="117"", sec-ch-ua-mobile:"?0", sec-ch-ua-platform:""macOS"", upgrade-insecure-requests:"1", user-agent:"Mozilla/5.0 (Macintosh; Intel Mac OS X 10_15_7) AppleWebKit/537.36 (KHTML, like Gecko) Chrome/117.0.0.0 Safari/537.36", accept:"text/html,application/xhtml+xml,application/xml;q=0.9,image/avif,image/webp,image/apng,*/*;q=0.8,application/signed-exchange;v=b3;q=0.7", sec-fetch-site:"none", sec-fetch-mode:"navigate", sec-fetch-user:"?1", sec-fetch-dest:"document", accept-encoding:"gzip, deflate, br", accept-language:"en-US,en;q=0.9"]]
2023-10-17 01:55:45,813 [DEBUG] org.springframework.web.filter.CommonsRequestLoggingFilter [http-nio-8080-exec-5] After request [GET /swagger-ui.html, headers=[host:"localhost:8080", connection:"keep-alive", sec-ch-ua:""Google Chrome";v="117", "Not;A=Brand";v="8", "Chromium";v="117"", sec-ch-ua-mobile:"?0", sec-ch-ua-platform:""macOS"", upgrade-insecure-requests:"1", user-agent:"Mozilla/5.0 (Macintosh; Intel Mac OS X 10_15_7) AppleWebKit/537.36 (KHTML, like Gecko) Chrome/117.0.0.0 Safari/537.36", accept:"text/html,application/xhtml+xml,application/xml;q=0.9,image/avif,image/webp,image/apng,*/*;q=0.8,application/signed-exchange;v=b3;q=0.7", sec-fetch-site:"none", sec-fetch-mode:"navigate", sec-fetch-user:"?1", sec-fetch-dest:"document", accept-encoding:"gzip, deflate, br", accept-language:"en-US,en;q=0.9"]]
2023-10-17 01:55:45,828 [DEBUG] org.springframework.web.filter.CommonsRequestLoggingFilter [http-nio-8080-exec-6] Before request [GET /swagger-ui/index.html, headers=[host:"localhost:8080", connection:"keep-alive", upgrade-insecure-requests:"1", user-agent:"Mozilla/5.0 (Macintosh; Intel Mac OS X 10_15_7) AppleWebKit/537.36 (KHTML, like Gecko) Chrome/117.0.0.0 Safari/537.36", accept:"text/html,application/xhtml+xml,application/xml;q=0.9,image/avif,image/webp,image/apng,*/*;q=0.8,application/signed-exchange;v=b3;q=0.7", sec-fetch-site:"none", sec-fetch-mode:"navigate", sec-fetch-user:"?1", sec-fetch-dest:"document", sec-ch-ua:""Google Chrome";v="117", "Not;A=Brand";v="8", "Chromium";v="117"", sec-ch-ua-mobile:"?0", sec-ch-ua-platform:""macOS"", accept-encoding:"gzip, deflate, br", accept-language:"en-US,en;q=0.9"]]
2023-10-17 01:55:45,842 [DEBUG] org.springframework.web.filter.CommonsRequestLoggingFilter [http-nio-8080-exec-6] After request [GET /swagger-ui/index.html, headers=[host:"localhost:8080", connection:"keep-alive", upgrade-insecure-requests:"1", user-agent:"Mozilla/5.0 (Macintosh; Intel Mac OS X 10_15_7) AppleWebKit/537.36 (KHTML, like Gecko) Chrome/117.0.0.0 Safari/537.36", accept:"text/html,application/xhtml+xml,application/xml;q=0.9,image/avif,image/webp,image/apng,*/*;q=0.8,application/signed-exchange;v=b3;q=0.7", sec-fetch-site:"none", sec-fetch-mode:"navigate", sec-fetch-user:"?1", sec-fetch-dest:"document", sec-ch-ua:""Google Chrome";v="117", "Not;A=Brand";v="8", "Chromium";v="117"", sec-ch-ua-mobile:"?0", sec-ch-ua-platform:""macOS"", accept-encoding:"gzip, deflate, br", accept-language:"en-US,en;q=0.9"]]
2023-10-17 01:55:45,942 [DEBUG] org.springframework.web.filter.CommonsRequestLoggingFilter [http-nio-8080-exec-7] Before request [GET /swagger-ui/swagger-ui.css, headers=[host:"localhost:8080", connection:"keep-alive", sec-ch-ua:""Google Chrome";v="117", "Not;A=Brand";v="8", "Chromium";v="117"", sec-ch-ua-mobile:"?0", user-agent:"Mozilla/5.0 (Macintosh; Intel Mac OS X 10_15_7) AppleWebKit/537.36 (KHTML, like Gecko) Chrome/117.0.0.0 Safari/537.36", sec-ch-ua-platform:""macOS"", accept:"text/css,*/*;q=0.1", sec-fetch-site:"same-origin", sec-fetch-mode:"no-cors", sec-fetch-dest:"style", referer:"http://localhost:8080/swagger-ui/index.html?configUrl=/empleado-docs/swagger-config", accept-encoding:"gzip, deflate, br", accept-language:"en-US,en;q=0.9", if-modified-since:"Tue, 17 Oct 2023 06:41:24 GMT"]]
2023-10-17 01:55:45,951 [DEBUG] org.springframework.web.filter.CommonsRequestLoggingFilter [http-nio-8080-exec-7] After request [GET /swagger-ui/swagger-ui.css, headers=[host:"localhost:8080", connection:"keep-alive", sec-ch-ua:""Google Chrome";v="117", "Not;A=Brand";v="8", "Chromium";v="117"", sec-ch-ua-mobile:"?0", user-agent:"Mozilla/5.0 (Macintosh; Intel Mac OS X 10_15_7) AppleWebKit/537.36 (KHTML, like Gecko) Chrome/117.0.0.0 Safari/537.36", sec-ch-ua-platform:""macOS"", accept:"text/css,*/*;q=0.1", sec-fetch-site:"same-origin", sec-fetch-mode:"no-cors", sec-fetch-dest:"style", referer:"http://localhost:8080/swagger-ui/index.html?configUrl=/empleado-docs/swagger-config", accept-encoding:"gzip, deflate, br", accept-language:"en-US,en;q=0.9", if-modified-since:"Tue, 17 Oct 2023 06:41:24 GMT"]]
2023-10-17 01:55:45,953 [DEBUG] org.springframework.web.filter.CommonsRequestLoggingFilter [http-nio-8080-exec-8] Before request [GET /swagger-ui/swagger-ui-bundle.js, headers=[host:"localhost:8080", connection:"keep-alive", sec-ch-ua:""Google Chrome";v="117", "Not;A=Brand";v="8", "Chromium";v="117"", sec-ch-ua-mobile:"?0", user-agent:"Mozilla/5.0 (Macintosh; Intel Mac OS X 10_15_7) AppleWebKit/537.36 (KHTML, like Gecko) Chrome/117.0.0.0 Safari/537.36", sec-ch-ua-platform:""macOS"", accept:"*/*", sec-fetch-site:"same-origin", sec-fetch-mode:"no-cors", sec-fetch-dest:"script", referer:"http://localhost:8080/swagger-ui/index.html?configUrl=/empleado-docs/swagger-config", accept-encoding:"gzip, deflate, br", accept-language:"en-US,en;q=0.9", if-modified-since:"Tue, 17 Oct 2023 06:41:24 GMT"]]
2023-10-17 01:55:45,954 [DEBUG] org.springframework.web.filter.CommonsRequestLoggingFilter [http-nio-8080-exec-9] Before request [GET /swagger-ui/swagger-ui-standalone-preset.js, headers=[host:"localhost:8080", connection:"keep-alive", sec-ch-ua:""Google Chrome";v="117", "Not;A=Brand";v="8", "Chromium";v="117"", sec-ch-ua-mobile:"?0", user-agent:"Mozilla/5.0 (Macintosh; Intel Mac OS X 10_15_7) AppleWebKit/537.36 (KHTML, like Gecko) Chrome/117.0.0.0 Safari/537.36", sec-ch-ua-platform:""macOS"", accept:"*/*", sec-fetch-site:"same-origin", sec-fetch-mode:"no-cors", sec-fetch-dest:"script", referer:"http://localhost:8080/swagger-ui/index.html?configUrl=/empleado-docs/swagger-config", accept-encoding:"gzip, deflate, br", accept-language:"en-US,en;q=0.9", if-modified-since:"Tue, 17 Oct 2023 06:41:24 GMT"]]
2023-10-17 01:55:45,957 [DEBUG] org.springframework.web.filter.CommonsRequestLoggingFilter [http-nio-8080-exec-8] After request [GET /swagger-ui/swagger-ui-bundle.js, headers=[host:"localhost:8080", connection:"keep-alive", sec-ch-ua:""Google Chrome";v="117", "Not;A=Brand";v="8", "Chromium";v="117"", sec-ch-ua-mobile:"?0", user-agent:"Mozilla/5.0 (Macintosh; Intel Mac OS X 10_15_7) AppleWebKit/537.36 (KHTML, like Gecko) Chrome/117.0.0.0 Safari/537.36", sec-ch-ua-platform:""macOS"", accept:"*/*", sec-fetch-site:"same-origin", sec-fetch-mode:"no-cors", sec-fetch-dest:"script", referer:"http://localhost:8080/swagger-ui/index.html?configUrl=/empleado-docs/swagger-config", accept-encoding:"gzip, deflate, br", accept-language:"en-US,en;q=0.9", if-modified-since:"Tue, 17 Oct 2023 06:41:24 GMT"]]
2023-10-17 01:55:45,958 [DEBUG] org.springframework.web.filter.CommonsRequestLoggingFilter [http-nio-8080-exec-9] After request [GET /swagger-ui/swagger-ui-standalone-preset.js, headers=[host:"localhost:8080", connection:"keep-alive", sec-ch-ua:""Google Chrome";v="117", "Not;A=Brand";v="8", "Chromium";v="117"", sec-ch-ua-mobile:"?0", user-agent:"Mozilla/5.0 (Macintosh; Intel Mac OS X 10_15_7) AppleWebKit/537.36 (KHTML, like Gecko) Chrome/117.0.0.0 Safari/537.36", sec-ch-ua-platform:""macOS"", accept:"*/*", sec-fetch-site:"same-origin", sec-fetch-mode:"no-cors", sec-fetch-dest:"script", referer:"http://localhost:8080/swagger-ui/index.html?configUrl=/empleado-docs/swagger-config", accept-encoding:"gzip, deflate, br", accept-language:"en-US,en;q=0.9", if-modified-since:"Tue, 17 Oct 2023 06:41:24 GMT"]]
2023-10-17 01:55:46,229 [DEBUG] org.springframework.web.filter.CommonsRequestLoggingFilter [http-nio-8080-exec-10] Before request [GET /empleado-docs/swagger-config, headers=[host:"localhost:8080", connection:"keep-alive", sec-ch-ua:""Google Chrome";v="117", "Not;A=Brand";v="8", "Chromium";v="117"", sec-ch-ua-mobile:"?0", user-agent:"Mozilla/5.0 (Macintosh; Intel Mac OS X 10_15_7) AppleWebKit/537.36 (KHTML, like Gecko) Chrome/117.0.0.0 Safari/537.36", sec-ch-ua-platform:""macOS"", accept:"*/*", sec-fetch-site:"same-origin", sec-fetch-mode:"cors", sec-fetch-dest:"empty", referer:"http://localhost:8080/swagger-ui/index.html?configUrl=/empleado-docs/swagger-config", accept-encoding:"gzip, deflate, br", accept-language:"en-US,en;q=0.9"]]
2023-10-17 01:55:46,245 [DEBUG] org.springframework.web.filter.CommonsRequestLoggingFilter [http-nio-8080-exec-10] After request [GET /empleado-docs/swagger-config, headers=[host:"localhost:8080", connection:"keep-alive", sec-ch-ua:""Google Chrome";v="117", "Not;A=Brand";v="8", "Chromium";v="117"", sec-ch-ua-mobile:"?0", user-agent:"Mozilla/5.0 (Macintosh; Intel Mac OS X 10_15_7) AppleWebKit/537.36 (KHTML, like Gecko) Chrome/117.0.0.0 Safari/537.36", sec-ch-ua-platform:""macOS"", accept:"*/*", sec-fetch-site:"same-origin", sec-fetch-mode:"cors", sec-fetch-dest:"empty", referer:"http://localhost:8080/swagger-ui/index.html?configUrl=/empleado-docs/swagger-config", accept-encoding:"gzip, deflate, br", accept-language:"en-US,en;q=0.9"]]
2023-10-17 01:55:46,303 [DEBUG] org.springframework.web.filter.CommonsRequestLoggingFilter [http-nio-8080-exec-1] Before request [GET /empleado-docs, headers=[host:"localhost:8080", connection:"keep-alive", sec-ch-ua:""Google Chrome";v="117", "Not;A=Brand";v="8", "Chromium";v="117"", accept:"application/json,*/*", sec-ch-ua-mobile:"?0", user-agent:"Mozilla/5.0 (Macintosh; Intel Mac OS X 10_15_7) AppleWebKit/537.36 (KHTML, like Gecko) Chrome/117.0.0.0 Safari/537.36", sec-ch-ua-platform:""macOS"", sec-fetch-site:"same-origin", sec-fetch-mode:"cors", sec-fetch-dest:"empty", referer:"http://localhost:8080/swagger-ui/index.html?configUrl=/empleado-docs/swagger-config", accept-encoding:"gzip, deflate, br", accept-language:"en-US,en;q=0.9"]]
2023-10-17 01:55:46,310 [DEBUG] org.springframework.web.filter.CommonsRequestLoggingFilter [http-nio-8080-exec-1] After request [GET /empleado-docs, headers=[host:"localhost:8080", connection:"keep-alive", sec-ch-ua:""Google Chrome";v="117", "Not;A=Brand";v="8", "Chromium";v="117"", accept:"application/json,*/*", sec-ch-ua-mobile:"?0", user-agent:"Mozilla/5.0 (Macintosh; Intel Mac OS X 10_15_7) AppleWebKit/537.36 (KHTML, like Gecko) Chrome/117.0.0.0 Safari/537.36", sec-ch-ua-platform:""macOS"", sec-fetch-site:"same-origin", sec-fetch-mode:"cors", sec-fetch-dest:"empty", referer:"http://localhost:8080/swagger-ui/index.html?configUrl=/empleado-docs/swagger-config", accept-encoding:"gzip, deflate, br", accept-language:"en-US,en;q=0.9"]]
2023-10-17 01:56:38,037 [DEBUG] org.springframework.web.filter.CommonsRequestLoggingFilter [http-nio-8080-exec-2] Before request [POST /api/v1/empleado, headers=[host:"localhost:8080", connection:"keep-alive", content-length:"243", sec-ch-ua:""Google Chrome";v="117", "Not;A=Brand";v="8", "Chromium";v="117"", accept:"application/json", sec-ch-ua-mobile:"?0", user-agent:"Mozilla/5.0 (Macintosh; Intel Mac OS X 10_15_7) AppleWebKit/537.36 (KHTML, like Gecko) Chrome/117.0.0.0 Safari/537.36", sec-ch-ua-platform:""macOS"", origin:"http://localhost:8080", sec-fetch-site:"same-origin", sec-fetch-mode:"cors", sec-fetch-dest:"empty", referer:"http://localhost:8080/swagger-ui/index.html?configUrl=/empleado-docs/swagger-config", accept-encoding:"gzip, deflate, br", accept-language:"en-US,en;q=0.9", Content-Type:"application/json;charset=UTF-8"]]
2023-10-17 01:56:38,079 [TRACE] com.ironbit.invex.controllers.EmpleadoController [http-nio-8080-exec-2] Call save empleado service
2023-10-17 01:56:38,212 [DEBUG] org.springframework.web.filter.CommonsRequestLoggingFilter [http-nio-8080-exec-2] After request [POST /api/v1/empleado, headers=[host:"localhost:8080", connection:"keep-alive", content-length:"243", sec-ch-ua:""Google Chrome";v="117", "Not;A=Brand";v="8", "Chromium";v="117"", accept:"application/json", sec-ch-ua-mobile:"?0", user-agent:"Mozilla/5.0 (Macintosh; Intel Mac OS X 10_15_7) AppleWebKit/537.36 (KHTML, like Gecko) Chrome/117.0.0.0 Safari/537.36", sec-ch-ua-platform:""macOS"", origin:"http://localhost:8080", sec-fetch-site:"same-origin", sec-fetch-mode:"cors", sec-fetch-dest:"empty", referer:"http://localhost:8080/swagger-ui/index.html?configUrl=/empleado-docs/swagger-config", accept-encoding:"gzip, deflate, br", accept-language:"en-US,en;q=0.9", Content-Type:"application/json;charset=UTF-8"]]
2023-10-17 01:56:51,341 [DEBUG] org.springframework.web.filter.CommonsRequestLoggingFilter [http-nio-8080-exec-6] Before request [GET /api/v1/empleado, headers=[user-agent:"PostmanRuntime/7.33.0", accept:"*/*", cache-control:"no-cache", postman-token:"fac0a1ef-d705-4eb4-a17b-ea1ed4877023", host:"localhost:8080", accept-encoding:"gzip, deflate, br", connection:"keep-alive"]]
2023-10-17 01:56:51,342 [TRACE] com.ironbit.invex.controllers.EmpleadoController [http-nio-8080-exec-6] Call get all empleado service
2023-10-17 01:56:51,525 [DEBUG] org.springframework.web.filter.CommonsRequestLoggingFilter [http-nio-8080-exec-6] After request [GET /api/v1/empleado, headers=[user-agent:"PostmanRuntime/7.33.0", accept:"*/*", cache-control:"no-cache", postman-token:"fac0a1ef-d705-4eb4-a17b-ea1ed4877023", host:"localhost:8080", accept-encoding:"gzip, deflate, br", connection:"keep-alive"]]
2023-10-17 01:58:34,627 [INFO] org.springframework.orm.jpa.LocalContainerEntityManagerFactoryBean [SpringApplicationShutdownHook] Closing JPA EntityManagerFactory for persistence unit 'default'
2023-10-17 01:58:34,633 [INFO] com.zaxxer.hikari.HikariDataSource [SpringApplicationShutdownHook] HikariPool-1 - Shutdown initiated...
2023-10-17 01:58:34,653 [INFO] com.zaxxer.hikari.HikariDataSource [SpringApplicationShutdownHook] HikariPool-1 - Shutdown completed.
